INFO: Running with entropic power schedule (0xFF, 100).
INFO: Seed: 523123172
MERGE-OUTER: 1858 files, 0 in the initial corpus, 0 processed earlier
MERGE-OUTER: attempt 1
INFO: Running with entropic power schedule (0xFF, 100).
INFO: Seed: 523144404
INFO: -max_len is not provided; libFuzzer will not generate inputs larger than 1048576 bytes
MERGE-INNER: using the control file '/tmp/libFuzzerTemp.Merge374.txt'
MERGE-INNER: 1858 total files; 0 processed earlier; will process 1858 files now
#1	pulse  exec/s: 0 rss: 32Mb
#2	pulse  exec/s: 0 rss: 32Mb
#4	pulse  exec/s: 0 rss: 32Mb
#8	pulse  exec/s: 0 rss: 32Mb
#16	pulse  exec/s: 0 rss: 32Mb
scn_fuzz_chrono: /src/scnlib/src/scn/impl.h:1181: void scn::impl::stdio_file_interface_impl<_IO_FILE, scn::impl::gnu_file_tag>::unsafe_advance_n(std::ptrdiff_t) [File = _IO_FILE, Tag = scn::impl::gnu_file_tag]: Assertion `(this->file->_IO_read_end - this->file->_IO_read_ptr >= n) && "Precondition violation"' failed.
==382== ERROR: libFuzzer: deadly signal
    #0 0x55a4edcfd184 in __sanitizer_print_stack_trace /src/llvm-project/compiler-rt/lib/ubsan/ubsan_diag_standalone.cpp:31:3
    #1 0x55a4edc71708 in fuzzer::PrintStackTrace() /src/llvm-project/compiler-rt/lib/fuzzer/FuzzerUtil.cpp:210:5
    #2 0x55a4edc54255 in fuzzer::Fuzzer::CrashCallback() /src/llvm-project/compiler-rt/lib/fuzzer/FuzzerLoop.cpp:231:3
    #3 0x7f65a131a41f  (/lib/x86_64-linux-gnu/libpthread.so.0+0x1441f) (BuildId: 9a65bb469e45a1c6fbcffae5b82a2fd7a69eb479)
    #4 0x7f65a111e00a in raise (/lib/x86_64-linux-gnu/libc.so.6+0x4300a) (BuildId: 0702430aef5fa3dda43986563e9ffcc47efbd75e)
    #5 0x7f65a10fd858 in abort (/lib/x86_64-linux-gnu/libc.so.6+0x22858) (BuildId: 0702430aef5fa3dda43986563e9ffcc47efbd75e)
    #6 0x7f65a10fd728  (/lib/x86_64-linux-gnu/libc.so.6+0x22728) (BuildId: 0702430aef5fa3dda43986563e9ffcc47efbd75e)
    #7 0x7f65a110efd5 in __assert_fail (/lib/x86_64-linux-gnu/libc.so.6+0x33fd5) (BuildId: 0702430aef5fa3dda43986563e9ffcc47efbd75e)
    #8 0x55a4ede1762c in scn::v4::impl::stdio_file_interface_impl<_IO_FILE, scn::v4::impl::gnu_file_tag>::unsafe_advance_n(long) /src/scnlib/src/scn/impl.h:1181:9
    #9 0x55a4edd56dac in scn::v4::impl::file_buffer_interface<char, scn::v4::impl::stdio_file_interface_impl<_IO_FILE, scn::v4::impl::gnu_file_tag>>::fill(scn::v4::impl::stdio_file_interface_impl<_IO_FILE, scn::v4::impl::gnu_file_tag>&, std::__1::basic_string_view<char, std::__1::char_traits<char>>&, std::__1::basic_string<char, std::__1::char_traits<char>, std::__1::allocator<char>>&, scn::v4::scan_expected<void>&, std::__1::optional<char>&) /src/scnlib/src/scn/impl.h:1365:22
    #10 0x55a4edd32c70 in scn::v4::detail::scan_cfile_buffer::do_fill() /src/scnlib/src/scn/impl.cpp:316:12
    #11 0x55a4edd32c70 in scn::v4::detail::scan_file_buffer::do_fill() /src/scnlib/src/scn/impl.cpp:339:28
    #12 0x55a4edd5c088 in scn::v4::detail::basic_scan_buffer<char>::fill() /src/scnlib/include/scn/scan.h:6173:14
    #13 0x55a4edd5c088 in scn::v4::detail::basic_scan_buffer<char>::iterator::read_at_position() const /src/scnlib/include/scn/scan.h:6461:67
    #14 0x55a4edd5bddb in scn::v4::detail::basic_scan_buffer<char>::iterator::is_at_end() const /src/scnlib/include/scn/scan.h:6477:17
    #15 0x55a4edda7505 in scn::v4::detail::operator!=(scn::v4::detail::basic_scan_buffer<char>::iterator const&, scn::v4::ranges::default_sentinel_t) /src/scnlib/include/scn/scan.h:6439:19
    #16 0x55a4edda7505 in std::__1::enable_if<bidirectional_iterator<scn::v4::detail::basic_scan_buffer<char>::iterator> && !sized_sentinel_for<scn::v4::ranges::default_sentinel_t, scn::v4::detail::basic_scan_buffer<char>::iterator>, scn::v4::ranges::incrementable_traits<scn::v4::detail::basic_scan_buffer<char>::iterator>::difference_type>::type scn::v4::ranges::detail::advance_::fn::impl_i_n_s<scn::v4::detail::basic_scan_buffer<char>::iterator, scn::v4::ranges::default_sentinel_t>(scn::v4::detail::basic_scan_buffer<char>::iterator&, scn::v4::ranges::incrementable_traits<scn::v4::detail::basic_scan_buffer<char>::iterator>::difference_type, scn::v4::ranges::default_sentinel_t) /src/scnlib/src/scn/impl.h:242:36
    #17 0x55a4edda712f in std::__1::enable_if<input_or_output_iterator<scn::v4::detail::basic_scan_buffer<char>::iterator> && sentinel_for<scn::v4::ranges::default_sentinel_t, scn::v4::detail::basic_scan_buffer<char>::iterator>, scn::v4::ranges::incrementable_traits<scn::v4::detail::basic_scan_buffer<char>::iterator>::difference_type>::type scn::v4::ranges::detail::advance_::fn::operator()<scn::v4::detail::basic_scan_buffer<char>::iterator, scn::v4::ranges::default_sentinel_t>(scn::v4::detail::basic_scan_buffer<char>::iterator&, scn::v4::ranges::incrementable_traits<scn::v4::detail::basic_scan_buffer<char>::iterator>::difference_type, scn::v4::ranges::default_sentinel_t) const /src/scnlib/src/scn/impl.h:288:20
    #18 0x55a4edda712f in scn::v4::impl::read_code_point_into_result<decltype(scn::v4::ranges::begin(std::declval<std::__1::add_const<scn::v4::ranges::detail::subrange_::subrange<scn::v4::detail::basic_scan_buffer<char>::iterator, scn::v4::ranges::default_sentinel_t>>::type&>())), decltype(impl<scn::v4::ranges::detail::subrange_::subrange<scn::v4::detail::basic_scan_buffer<char>::iterator, scn::v4::ranges::default_sentinel_t>>())::type> scn::v4::impl::read_code_point_into<scn::v4::ranges::detail::subrange_::subrange<scn::v4::detail::basic_scan_buffer<char>::iterator, scn::v4::ranges::default_sentinel_t>>(scn::v4::ranges::detail::subrange_::subrange<scn::v4::detail::basic_scan_buffer<char>::iterator, scn::v4::ranges::default_sentinel_t>) /src/scnlib/src/scn/impl.h:2529:5
    #19 0x55a4eddba1d3 in decltype(scn::v4::ranges::begin(std::declval<std::__1::add_const<scn::v4::ranges::detail::subrange_::subrange<scn::v4::detail::basic_scan_buffer<char>::iterator, scn::v4::ranges::default_sentinel_t>>::type&>())) scn::v4::impl::read_until_code_point<scn::v4::ranges::detail::subrange_::subrange<scn::v4::detail::basic_scan_buffer<char>::iterator, scn::v4::ranges::default_sentinel_t>>(scn::v4::ranges::detail::subrange_::subrange<scn::v4::detail::basic_scan_buffer<char>::iterator, scn::v4::ranges::default_sentinel_t>, scn::v4::impl::function_ref<bool (char32_t), bool (char32_t)>) /src/scnlib/src/scn/impl.h:2711:13
    #20 0x55a4eddba1d3 in decltype(scn::v4::ranges::begin(std::declval<std::__1::add_const<scn::v4::ranges::detail::subrange_::subrange<scn::v4::detail::basic_scan_buffer<char>::iterator, scn::v4::ranges::default_sentinel_t>>::type&>())) scn::v4::impl::read_while_code_point<scn::v4::ranges::detail::subrange_::subrange<scn::v4::detail::basic_scan_buffer<char>::iterator, scn::v4::ranges::default_sentinel_t>>(scn::v4::ranges::detail::subrange_::subrange<scn::v4::detail::basic_scan_buffer<char>::iterator, scn::v4::ranges::default_sentinel_t>, scn::v4::impl::function_ref<bool (char32_t), bool (char32_t)>) /src/scnlib/src/scn/impl.h:2730:12
    #21 0x55a4eddba1d3 in decltype(scn::v4::ranges::begin(std::declval<std::__1::add_const<scn::v4::ranges::detail::subrange_::subrange<scn::v4::detail::basic_scan_buffer<char>::iterator, scn::v4::ranges::default_sentinel_t>>::type&>())) scn::v4::impl::read_while_classic_space<scn::v4::ranges::detail::subrange_::subrange<scn::v4::detail::basic_scan_buffer<char>::iterator, scn::v4::ranges::default_sentinel_t>>(scn::v4::ranges::detail::subrange_::subrange<scn::v4::detail::basic_scan_buffer<char>::iterator, scn::v4::ranges::default_sentinel_t>) /src/scnlib/src/scn/impl.h:2786:16
    #22 0x55a4edd3c091 in scn::v4::impl::eof_expected<decltype(scn::v4::ranges::begin(std::declval<std::__1::add_const<scn::v4::ranges::detail::subrange_::subrange<scn::v4::detail::basic_scan_buffer<char>::iterator, scn::v4::ranges::default_sentinel_t>>::type&>()))> scn::v4::impl::skip_classic_whitespace<scn::v4::ranges::detail::subrange_::subrange<scn::v4::detail::basic_scan_buffer<char>::iterator, scn::v4::ranges::default_sentinel_t>>(scn::v4::ranges::detail::subrange_::subrange<scn::v4::detail::basic_scan_buffer<char>::iterator, scn::v4::ranges::default_sentinel_t> const&, bool) /src/scnlib/src/scn/impl.h:3609:19
    #23 0x55a4edd5422f in scn::v4::scan_expected<decltype(scn::v4::ranges::begin(std::declval<scn::v4::ranges::detail::subrange_::subrange<scn::v4::detail::basic_scan_buffer<char>::iterator, scn::v4::ranges::default_sentinel_t>&>()))> scn::v4::detail::internal_skip_classic_whitespace<scn::v4::ranges::detail::subrange_::subrange<scn::v4::detail::basic_scan_buffer<char>::iterator, scn::v4::ranges::default_sentinel_t>>(scn::v4::ranges::detail::subrange_::subrange<scn::v4::detail::basic_scan_buffer<char>::iterator, scn::v4::ranges::default_sentinel_t>, bool) /src/scnlib/src/scn/impl.cpp:258:12
    #24 0x55a4edd5422f in scn::v4::scan_expected<scn::v4::basic_scan_context<scn::v4::detail::buffer_range_tag, char>::iterator> scn::v4::detail::chrono_scan_inner_impl<char, scn::v4::datetime_components, scn::v4::basic_scan_context<scn::v4::detail::buffer_range_tag, char>>(std::__1::basic_string_view<char, std::__1::char_traits<char>>, scn::v4::datetime_components&, scn::v4::basic_scan_context<scn::v4::detail::buffer_range_tag, char>&) /src/scnlib/src/scn/impl.cpp:4823:9
    #25 0x55a4edd54135 in scn::v4::scan_expected<scn::v4::basic_scan_context<scn::v4::detail::buffer_range_tag, char>::iterator> scn::v4::detail::chrono_scan_impl<char, scn::v4::datetime_components, scn::v4::basic_scan_context<scn::v4::detail::buffer_range_tag, char>>(std::__1::basic_string_view<char, std::__1::char_traits<char>>, scn::v4::datetime_components&, scn::v4::basic_scan_context<scn::v4::detail::buffer_range_tag, char>&) /src/scnlib/src/scn/impl.cpp:4843:16
    #26 0x55a4edd0881d in scn::v4::scan_expected<scn::v4::basic_scan_context<scn::v4::detail::buffer_range_tag, char>::iterator> scn::v4::detail::chrono_datetime_scanner<char, scn::v4::datetime_components>::scan<scn::v4::basic_scan_context<scn::v4::detail::buffer_range_tag, char>>(scn::v4::datetime_components&, scn::v4::basic_scan_context<scn::v4::detail::buffer_range_tag, char>&) const /src/scnlib/include/scn/chrono.h:1567:16
    #27 0x55a4edd0881d in scn::v4::scan_expected<void> scn::v4::detail::arg_value::scan_custom_arg<scn::v4::datetime_components, scn::v4::basic_scan_context<scn::v4::detail::buffer_range_tag, char>>(void*, void*, void*) /src/scnlib/include/scn/scan.h:7371:9
    #28 0x55a4ede1d110 in scn::v4::basic_scan_arg<scn::v4::basic_scan_context<scn::v4::detail::buffer_range_tag, char>>::handle::scan(scn::v4::basic_scan_parse_context<char>&, scn::v4::basic_scan_context<scn::v4::detail::buffer_range_tag, char>&) const /src/scnlib/include/scn/scan.h:7719:20
    #29 0x55a4ede1d110 in scn::v4::impl::custom_reader<scn::v4::basic_scan_context<scn::v4::detail::buffer_range_tag, char>>::operator()(scn::v4::basic_scan_arg<scn::v4::basic_scan_context<scn::v4::detail::buffer_range_tag, char>>::handle) const /src/scnlib/src/scn/impl.h:7004:9
    #30 0x55a4ede1d01f in decltype(auto) scn::v4::detail::visit_impl<scn::v4::impl::custom_reader<scn::v4::basic_scan_context<scn::v4::detail::buffer_range_tag, char>>, scn::v4::basic_scan_context<scn::v4::detail::buffer_range_tag, char>>(scn::v4::impl::custom_reader<scn::v4::basic_scan_context<scn::v4::detail::buffer_range_tag, char>>&&, scn::v4::basic_scan_arg<scn::v4::basic_scan_context<scn::v4::detail::buffer_range_tag, char>>&) /src/scnlib/include/scn/scan.h:11682:20
    #31 0x55a4edd2db5c in decltype(auto) scn::v4::basic_scan_arg<scn::v4::basic_scan_context<scn::v4::detail::buffer_range_tag, char>>::visit<scn::v4::impl::custom_reader<scn::v4::basic_scan_context<scn::v4::detail::buffer_range_tag, char>>>(scn::v4::impl::custom_reader<scn::v4::basic_scan_context<scn::v4::detail::buffer_range_tag, char>>&&) /src/scnlib/include/scn/scan.h:11712:12
    #32 0x55a4edd2db5c in void scn::v4::(anonymous namespace)::format_handler<false, char>::on_visit_scan_arg<scn::v4::impl::custom_reader<scn::v4::basic_scan_context<scn::v4::detail::buffer_range_tag, char>>>(scn::v4::impl::custom_reader<scn::v4::basic_scan_context<scn::v4::detail::buffer_range_tag, char>>&&, scn::v4::basic_scan_arg<scn::v4::basic_scan_context<scn::v4::detail::buffer_range_tag, char>>) /src/scnlib/src/scn/impl.cpp:2854:22
    #33 0x55a4edd2db5c in scn::v4::(anonymous namespace)::format_handler<false, char>::on_format_specs(unsigned long, char const*, char const*) /src/scnlib/src/scn/impl.cpp:2883:13
    #34 0x55a4edd2db5c in char const* scn::v4::detail::parse_replacement_field<char, scn::v4::(anonymous namespace)::format_handler<false, char>>(char const*, char const*, scn::v4::(anonymous namespace)::format_handler<false, char>&) /src/scnlib/include/scn/scan.h:10011:29
    #35 0x55a4edd2db5c in void scn::v4::detail::parse_format_string_impl<false, char, scn::v4::(anonymous namespace)::format_handler<false, char>&>(std::__1::basic_string_view<char, std::__1::char_traits<char>>, scn::v4::(anonymous namespace)::format_handler<false, char>&) /src/scnlib/include/scn/scan.h:10041:26
    #36 0x55a4edd2db5c in scn::v4::scan_expected<void> scn::v4::detail::parse_format_string<false, char, scn::v4::(anonymous namespace)::format_handler<false, char>&>(std::__1::basic_string_view<char, std::__1::char_traits<char>>, scn::v4::(anonymous namespace)::format_handler<false, char>&) /src/scnlib/include/scn/scan.h:10065:5
    #37 0x55a4edd2db5c in scn::v4::scan_expected<long> scn::v4::(anonymous namespace)::vscan_parse_format_string<char, scn::v4::(anonymous namespace)::format_handler<false, char>>(std::__1::basic_string_view<char, std::__1::char_traits<char>>, scn::v4::(anonymous namespace)::format_handler<false, char>&) /src/scnlib/src/scn/impl.cpp:2933:5
    #38 0x55a4edd2db5c in scn::v4::scan_expected<long> scn::v4::(anonymous namespace)::vscan_internal<char>(scn::v4::detail::basic_scan_buffer<scn::v4::detail::type_identity<char>::type>::range_type, std::__1::basic_string_view<char, std::__1::char_traits<char>>, scn::v4::basic_scan_args<scn::v4::basic_scan_context<scn::v4::detail::buffer_range_tag, char>>, scn::v4::detail::locale_ref)::'lambda'()::operator()() const /src/scnlib/src/scn/impl.cpp:2988:16
    #39 0x55a4edd2db5c in scn::v4::scan_expected<long> scn::v4::(anonymous namespace)::vscan_internal<char>(scn::v4::detail::basic_scan_buffer<scn::v4::detail::type_identity<char>::type>::range_type, std::__1::basic_string_view<char, std::__1::char_traits<char>>, scn::v4::basic_scan_args<scn::v4::basic_scan_context<scn::v4::detail::buffer_range_tag, char>>, scn::v4::detail::locale_ref) /src/scnlib/src/scn/impl.cpp:2979:31
    #40 0x55a4edd16d42 in scn::v4::scan_expected<scn::v4::detail::mp_cond_impl<std::__1::is_same<__remove_cv(__remove_reference_t(scn::v4::scan_file&)), scn::v4::stdin_tag_t>, scn::v4::detail::mp_identity<scn::v4::stdin_tag_t>, std::__1::is_same<__remove_cv(__remove_reference_t(scn::v4::scan_file&)), _IO_FILE*>, scn::v4::detail::mp_identity<_IO_FILE*>, std::__1::is_same<__remove_cv(__remove_reference_t(scn::v4::scan_file&)), scn::v4::scan_file>, scn::v4::detail::mp_identity<scn::v4::scan_file*>, scn::v4::detail::mp_valid_impl<scn::v4::detail::custom_scan_result_t, scn::v4::scan_file&>::type, scn::v4::detail::mp_if_c_impl<static_cast<bool>(mp_valid<scn::v4::detail::custom_scan_result_t, scn::v4::scan_file&>::value), scn::v4::detail::mp_defer_impl<scn::v4::detail::custom_scan_result_t, scn::v4::scan_file&>, scn::v4::detail::mp_nonesuch>::type, std::__1::integral_constant<bool, ranges::forward_range<scn::v4::scan_file&>>, scn::v4::detail::mp_if_c_impl<static_cast<bool>(mp_valid<scn::v4::detail::borrowed_tail_subrange_t, scn::v4::scan_file&>::value), scn::v4::detail::mp_defer_impl<scn::v4::detail::borrowed_tail_subrange_t, scn::v4::scan_file&>, scn::v4::detail::mp_nonesuch>::type, scn::v4::detail::is_specialization_of_impl<__remove_cv(__remove_reference_t(__remove_cv(__remove_reference_t(scn::v4::scan_file&)))), scn::v4::ranges::pair_concat_view>, scn::v4::detail::mp_if_c_impl<static_cast<bool>(mp_valid<scn::v4::detail::borrowed_flattened_concat_tail_subrange_t, scn::v4::scan_file&>::value), scn::v4::detail::mp_defer_impl<scn::v4::detail::borrowed_flattened_concat_tail_subrange_t, scn::v4::scan_file&>, scn::v4::detail::mp_nonesuch>::type, std::__1::integral_constant<bool, ranges::input_range<scn::v4::scan_file&>>, scn::v4::detail::mp_if_c_impl<static_cast<bool>(mp_valid<scn::v4::detail::borrowed_input_range_tail_subrange_t, scn::v4::scan_file&>::value), scn::v4::detail::mp_defer_impl<scn::v4::detail::borrowed_input_range_tail_subrange_t, scn::v4::scan_file&>, scn::v4::detail::mp_nonesuch>::type, std::__1::integral_constant<bool, true>, scn::v4::detail::mp_if_c_impl<static_cast<bool>(mp_valid<scn::v4::detail::invalid_scan_result_type, scn::v4::scan_file&>::value), scn::v4::detail::mp_defer_impl<scn::v4::detail::invalid_scan_result_type, scn::v4::scan_file&>, scn::v4::detail::mp_nonesuch>::type>::type::type> scn::v4::detail::vscan_generic<scn::v4::scan_file&, char>(scn::v4::scan_file&, std::__1::basic_string_view<char, std::__1::char_traits<char>>, scn::v4::basic_scan_args<scn::v4::basic_scan_context<scn::v4::detail::buffer_range_tag, char>>) /src/scnlib/include/scn/scan.h:11886:19
    #41 0x55a4edd177bf in scn::v4::scan_expected<scn::v4::detail::mp_cond_impl<std::__1::is_same<__remove_cv(__remove_reference_t(scn::v4::scan_file&)), scn::v4::stdin_tag_t>, scn::v4::detail::mp_identity<scn::v4::stdin_tag_t>, std::__1::is_same<__remove_cv(__remove_reference_t(scn::v4::scan_file&)), _IO_FILE*>, scn::v4::detail::mp_identity<_IO_FILE*>, std::__1::is_same<__remove_cv(__remove_reference_t(scn::v4::scan_file&)), scn::v4::scan_file>, scn::v4::detail::mp_identity<scn::v4::scan_file*>, scn::v4::detail::mp_valid_impl<scn::v4::detail::custom_scan_result_t, scn::v4::scan_file&>::type, scn::v4::detail::mp_if_c_impl<static_cast<bool>(mp_valid<scn::v4::detail::custom_scan_result_t, scn::v4::scan_file&>::value), scn::v4::detail::mp_defer_impl<scn::v4::detail::custom_scan_result_t, scn::v4::scan_file&>, scn::v4::detail::mp_nonesuch>::type, std::__1::integral_constant<bool, ranges::forward_range<scn::v4::scan_file&>>, scn::v4::detail::mp_if_c_impl<static_cast<bool>(mp_valid<scn::v4::detail::borrowed_tail_subrange_t, scn::v4::scan_file&>::value), scn::v4::detail::mp_defer_impl<scn::v4::detail::borrowed_tail_subrange_t, scn::v4::scan_file&>, scn::v4::detail::mp_nonesuch>::type, scn::v4::detail::is_specialization_of_impl<__remove_cv(__remove_reference_t(__remove_cv(__remove_reference_t(scn::v4::scan_file&)))), scn::v4::ranges::pair_concat_view>, scn::v4::detail::mp_if_c_impl<static_cast<bool>(mp_valid<scn::v4::detail::borrowed_flattened_concat_tail_subrange_t, scn::v4::scan_file&>::value), scn::v4::detail::mp_defer_impl<scn::v4::detail::borrowed_flattened_concat_tail_subrange_t, scn::v4::scan_file&>, scn::v4::detail::mp_nonesuch>::type, std::__1::integral_constant<bool, ranges::input_range<scn::v4::scan_file&>>, scn::v4::detail::mp_if_c_impl<static_cast<bool>(mp_valid<scn::v4::detail::borrowed_input_range_tail_subrange_t, scn::v4::scan_file&>::value), scn::v4::detail::mp_defer_impl<scn::v4::detail::borrowed_input_range_tail_subrange_t, scn::v4::scan_file&>, scn::v4::detail::mp_nonesuch>::type, std::__1::integral_constant<bool, true>, scn::v4::detail::mp_if_c_impl<static_cast<bool>(mp_valid<scn::v4::detail::invalid_scan_result_type, scn::v4::scan_file&>::value), scn::v4::detail::mp_defer_impl<scn::v4::detail::invalid_scan_result_type, scn::v4::scan_file&>, scn::v4::detail::mp_nonesuch>::type>::type::type> scn::v4::vscan<scn::v4::scan_file&>(scn::v4::scan_file&, std::__1::basic_string_view<char, std::__1::char_traits<char>>, scn::v4::basic_scan_args<scn::v4::basic_scan_context<scn::v4::detail::buffer_range_tag, char>>) /src/scnlib/include/scn/scan.h:11953:12
    #42 0x55a4edd177bf in scn::v4::scan_expected<scn::v4::scan_result<scn::v4::detail::mp_cond_impl<std::__1::is_same<__remove_cv(__remove_reference_t(scn::v4::scan_file&)), scn::v4::stdin_tag_t>, scn::v4::detail::mp_identity<scn::v4::stdin_tag_t>, std::__1::is_same<__remove_cv(__remove_reference_t(scn::v4::scan_file&)), _IO_FILE*>, scn::v4::detail::mp_identity<_IO_FILE*>, std::__1::is_same<__remove_cv(__remove_reference_t(scn::v4::scan_file&)), scn::v4::scan_file>, scn::v4::detail::mp_identity<scn::v4::scan_file*>, scn::v4::detail::mp_valid_impl<scn::v4::detail::custom_scan_result_t, scn::v4::scan_file&>::type, scn::v4::detail::mp_if_c_impl<static_cast<bool>(mp_valid<scn::v4::detail::custom_scan_result_t, scn::v4::scan_file&>::value), scn::v4::detail::mp_defer_impl<scn::v4::detail::custom_scan_result_t, scn::v4::scan_file&>, scn::v4::detail::mp_nonesuch>::type, std::__1::integral_constant<bool, ranges::forward_range<scn::v4::scan_file&>>, scn::v4::detail::mp_if_c_impl<static_cast<bool>(mp_valid<scn::v4::detail::borrowed_tail_subrange_t, scn::v4::scan_file&>::value), scn::v4::detail::mp_defer_impl<scn::v4::detail::borrowed_tail_subrange_t, scn::v4::scan_file&>, scn::v4::detail::mp_nonesuch>::type, scn::v4::detail::is_specialization_of_impl<__remove_cv(__remove_reference_t(__remove_cv(__remove_reference_t(scn::v4::scan_file&)))), scn::v4::ranges::pair_concat_view>, scn::v4::detail::mp_if_c_impl<static_cast<bool>(mp_valid<scn::v4::detail::borrowed_flattened_concat_tail_subrange_t, scn::v4::scan_file&>::value), scn::v4::detail::mp_defer_impl<scn::v4::detail::borrowed_flattened_concat_tail_subrange_t, scn::v4::scan_file&>, scn::v4::detail::mp_nonesuch>::type, std::__1::integral_constant<bool, ranges::input_range<scn::v4::scan_file&>>, scn::v4::detail::mp_if_c_impl<static_cast<bool>(mp_valid<scn::v4::detail::borrowed_input_range_tail_subrange_t, scn::v4::scan_file&>::value), scn::v4::detail::mp_defer_impl<scn::v4::detail::borrowed_input_range_tail_subrange_t, scn::v4::scan_file&>, scn::v4::detail::mp_nonesuch>::type, std::__1::integral_constant<bool, true>, scn::v4::detail::mp_if_c_impl<static_cast<bool>(mp_valid<scn::v4::detail::invalid_scan_result_type, scn::v4::scan_file&>::value), scn::v4::detail::mp_defer_impl<scn::v4::detail::invalid_scan_result_type, scn::v4::scan_file&>, scn::v4::detail::mp_nonesuch>::type>::type::type, scn::v4::datetime_components>> scn::v4::scan<scn::v4::datetime_components, scn::v4::scan_file&, void>(scn::v4::scan_file&, scn::v4::basic_scan_format_string<char, scn::v4::detail::type_identity<scn::v4::scan_file&>::type, scn::v4::detail::type_identity<scn::v4::datetime_components>::type>) /src/scnlib/include/scn/scan.h:12201:30
    #43 0x55a4edd166b3 in void scn::fuzz::do_basic_run_for_type<char, scn::v4::datetime_components, scn::v4::scan_file&, (void*)0>(scn::v4::scan_file&, std::__1::basic_string_view<char, std::__1::char_traits<char>>) /src/scnlib/tests/fuzz/fuzz.h:184:23
    #44 0x55a4edcff1d3 in void scn::fuzz::do_basic_run_for_source<char, scn::v4::scan_file&>(scn::v4::scan_file&, std::__1::basic_string_view<char, std::__1::char_traits<char>>) /src/scnlib/tests/fuzz/chrono_fuzz.cpp:29:5
    #45 0x55a4edcfe12d in void scn::fuzz::do_basic_run<char>(std::__1::basic_string<char, std::__1::char_traits<char>, std::__1::allocator<char>> const&, std::__1::vector<std::__1::basic_string_view<char, std::__1::char_traits<char>>, std::__1::allocator<std::__1::basic_string_view<char, std::__1::char_traits<char>>>> const&) /src/scnlib/tests/fuzz/fuzz.h:250:13
    #46 0x55a4edcfd68b in scn::fuzz::(anonymous namespace)::run(unsigned char const*, unsigned long) /src/scnlib/tests/fuzz/chrono_fuzz.cpp:44:5
    #47 0x55a4edcfd68b in LLVMFuzzerTestOneInput /src/scnlib/tests/fuzz/chrono_fuzz.cpp:60:5
    #48 0x55a4edc5593d in fuzzer::Fuzzer::ExecuteCallback(unsigned char const*, unsigned long) /src/llvm-project/compiler-rt/lib/fuzzer/FuzzerLoop.cpp:619:13
    #49 0x55a4edc5eed8 in fuzzer::Fuzzer::CrashResistantMergeInternalStep(std::__Fuzzer::basic_string<char, std::__Fuzzer::char_traits<char>, std::__Fuzzer::allocator<char>> const&, bool) /src/llvm-project/compiler-rt/lib/fuzzer/FuzzerMerge.cpp:239:5
    #50 0x55a4edc463d9 in fuzzer::FuzzerDriver(int*, char***, int (*)(unsigned char const*, unsigned long)) /src/llvm-project/compiler-rt/lib/fuzzer/FuzzerDriver.cpp:890:8
    #51 0x55a4edc720b2 in main /src/llvm-project/compiler-rt/lib/fuzzer/FuzzerMain.cpp:20:10
    #52 0x7f65a10ff082 in __libc_start_main (/lib/x86_64-linux-gnu/libc.so.6+0x24082) (BuildId: 0702430aef5fa3dda43986563e9ffcc47efbd75e)
    #53 0x55a4edc3979d in _start (build-out/scn_fuzz_chrono+0x3b79d)

DEDUP_TOKEN: __sanitizer_print_stack_trace--fuzzer::PrintStackTrace()--fuzzer::Fuzzer::CrashCallback()
NOTE: libFuzzer has rudimentary signal handlers.
      Combine libFuzzer with AddressSanitizer or similar for better crash reports.
SUMMARY: libFuzzer: deadly signal
MS: 0 ; base unit: 0000000000000000000000000000000000000000
0xf4,0x97,
\364\227
artifact_prefix='./'; Test unit written to ./crash-62f870a2b632c7b466d81755588357df87c77fe2
Base64: 9Jc=
MERGE-OUTER: attempt 2
INFO: Running with entropic power schedule (0xFF, 100).
INFO: Seed: 523429305
INFO: -max_len is not provided; libFuzzer will not generate inputs larger than 1048576 bytes
MERGE-INNER: using the control file '/tmp/libFuzzerTemp.Merge374.txt'
MERGE-INNER: '/github/workspace/cifuzz-corpus/scn_fuzz_chrono/62f870a2b632c7b466d81755588357df87c77fe2' caused a failure at the previous merge step
MERGE-INNER: 1858 total files; 30 processed earlier; will process 1828 files now
#1	pulse  exec/s: 0 rss: 32Mb
#2	pulse  exec/s: 0 rss: 32Mb
#4	pulse  exec/s: 0 rss: 32Mb
#8	pulse  exec/s: 0 rss: 32Mb
#16	pulse  exec/s: 0 rss: 32Mb
#32	pulse  exec/s: 0 rss: 32Mb
#64	pulse  exec/s: 0 rss: 32Mb
#128	pulse  exec/s: 0 rss: 32Mb
#256	pulse  exec/s: 0 rss: 32Mb
#512	pulse  exec/s: 0 rss: 32Mb
#1024	pulse  exec/s: 1024 rss: 32Mb
#1828	DONE   exec/s: 609 rss: 32Mb
MERGE-OUTER: successful in 2 attempt(s)
MERGE-OUTER: the control file has 223855 bytes
MERGE-OUTER: consumed 0Mb (30Mb rss) to parse the control file
MERGE-OUTER: 0 new files with 0 new features added; 0 new coverage edges
