INFO: Running with entropic power schedule (0xFF, 100).
INFO: Seed: 3513023445
MERGE-OUTER: 2079 files, 0 in the initial corpus, 0 processed earlier
MERGE-OUTER: attempt 1
INFO: Running with entropic power schedule (0xFF, 100).
INFO: Seed: 3513046648
INFO: -max_len is not provided; libFuzzer will not generate inputs larger than 1048576 bytes
MERGE-INNER: using the control file '/tmp/libFuzzerTemp.Merge401.txt'
MERGE-INNER: 2079 total files; 0 processed earlier; will process 2079 files now
#1	pulse  exec/s: 0 rss: 30Mb
#2	pulse  exec/s: 0 rss: 30Mb
#4	pulse  exec/s: 0 rss: 30Mb
#8	pulse  exec/s: 0 rss: 30Mb
#16	pulse  exec/s: 0 rss: 30Mb
#32	pulse  exec/s: 0 rss: 30Mb
#64	pulse  exec/s: 0 rss: 30Mb
#128	pulse  exec/s: 0 rss: 30Mb
#256	pulse  exec/s: 0 rss: 30Mb
#512	pulse  exec/s: 512 rss: 30Mb
#1024	pulse  exec/s: 341 rss: 30Mb
scn_fuzz_int: /src/scnlib/src/scn/impl.h:1181: void scn::impl::stdio_file_interface_impl<_IO_FILE, scn::impl::gnu_file_tag>::unsafe_advance_n(std::ptrdiff_t) [File = _IO_FILE, Tag = scn::impl::gnu_file_tag]: Assertion `(this->file->_IO_read_end - this->file->_IO_read_ptr >= n) && "Precondition violation"' failed.
==409== ERROR: libFuzzer: deadly signal
    #0 0x55c882808174 in __sanitizer_print_stack_trace /src/llvm-project/compiler-rt/lib/ubsan/ubsan_diag_standalone.cpp:31:3
    #1 0x55c88277c6f8 in fuzzer::PrintStackTrace() /src/llvm-project/compiler-rt/lib/fuzzer/FuzzerUtil.cpp:210:5
    #2 0x55c88275f245 in fuzzer::Fuzzer::CrashCallback() /src/llvm-project/compiler-rt/lib/fuzzer/FuzzerLoop.cpp:231:3
    #3 0x7f4dd138c41f  (/lib/x86_64-linux-gnu/libpthread.so.0+0x1441f) (BuildId: 9a65bb469e45a1c6fbcffae5b82a2fd7a69eb479)
    #4 0x7f4dd119000a in raise (/lib/x86_64-linux-gnu/libc.so.6+0x4300a) (BuildId: 0702430aef5fa3dda43986563e9ffcc47efbd75e)
    #5 0x7f4dd116f858 in abort (/lib/x86_64-linux-gnu/libc.so.6+0x22858) (BuildId: 0702430aef5fa3dda43986563e9ffcc47efbd75e)
    #6 0x7f4dd116f728  (/lib/x86_64-linux-gnu/libc.so.6+0x22728) (BuildId: 0702430aef5fa3dda43986563e9ffcc47efbd75e)
    #7 0x7f4dd1180fd5 in __assert_fail (/lib/x86_64-linux-gnu/libc.so.6+0x33fd5) (BuildId: 0702430aef5fa3dda43986563e9ffcc47efbd75e)
    #8 0x55c88292f3ec in scn::v4::impl::stdio_file_interface_impl<_IO_FILE, scn::v4::impl::gnu_file_tag>::unsafe_advance_n(long) /src/scnlib/src/scn/impl.h:1181:9
    #9 0x55c88286e8ec in scn::v4::impl::file_buffer_interface<char, scn::v4::impl::stdio_file_interface_impl<_IO_FILE, scn::v4::impl::gnu_file_tag>>::fill(scn::v4::impl::stdio_file_interface_impl<_IO_FILE, scn::v4::impl::gnu_file_tag>&, std::__1::basic_string_view<char, std::__1::char_traits<char>>&, std::__1::basic_string<char, std::__1::char_traits<char>, std::__1::allocator<char>>&, scn::v4::scan_expected<void>&, std::__1::optional<char>&) /src/scnlib/src/scn/impl.h:1365:22
    #10 0x55c88284a7b0 in scn::v4::detail::scan_cfile_buffer::do_fill() /src/scnlib/src/scn/impl.cpp:316:12
    #11 0x55c88284a7b0 in scn::v4::detail::scan_file_buffer::do_fill() /src/scnlib/src/scn/impl.cpp:339:28
    #12 0x55c882873cb8 in scn::v4::detail::basic_scan_buffer<char>::fill() /src/scnlib/include/scn/scan.h:6173:14
    #13 0x55c882873cb8 in scn::v4::detail::basic_scan_buffer<char>::iterator::read_at_position() const /src/scnlib/include/scn/scan.h:6461:67
    #14 0x55c882873a0b in scn::v4::detail::basic_scan_buffer<char>::iterator::is_at_end() const /src/scnlib/include/scn/scan.h:6477:17
    #15 0x55c88287420c in scn::v4::detail::operator==(scn::v4::detail::basic_scan_buffer<char>::iterator const&, scn::v4::ranges::default_sentinel_t) /src/scnlib/include/scn/scan.h:6430:18
    #16 0x55c88287420c in scn::v4::impl::eof_expected<decltype(scn::v4::ranges::begin(std::declval<std::__1::add_const<scn::v4::ranges::detail::subrange_::subrange<scn::v4::detail::basic_scan_buffer<char>::iterator, scn::v4::ranges::default_sentinel_t>>::type&>()))> scn::v4::impl::read_exactly_n_code_units<scn::v4::ranges::detail::subrange_::subrange<scn::v4::detail::basic_scan_buffer<char>::iterator, scn::v4::ranges::default_sentinel_t>>(scn::v4::ranges::detail::subrange_::subrange<scn::v4::detail::basic_scan_buffer<char>::iterator, scn::v4::ranges::default_sentinel_t>, long) /src/scnlib/src/scn/impl.h:2396:20
    #17 0x55c88287d64c in scn::v4::impl::parse_expected<decltype(scn::v4::ranges::begin(std::declval<std::__1::add_const<scn::v4::ranges::detail::subrange_::subrange<scn::v4::detail::basic_scan_buffer<char>::iterator, scn::v4::ranges::default_sentinel_t>>::type&>()))> scn::v4::impl::read_matching_string_classic_nocase<scn::v4::ranges::detail::subrange_::subrange<scn::v4::detail::basic_scan_buffer<char>::iterator, scn::v4::ranges::default_sentinel_t>>(scn::v4::ranges::detail::subrange_::subrange<scn::v4::detail::basic_scan_buffer<char>::iterator, scn::v4::ranges::default_sentinel_t>, std::__1::basic_string_view<char, std::__1::char_traits<char>>) /src/scnlib/src/scn/impl.h:2902:9
    #18 0x55c88287d421 in scn::v4::impl::parse_expected<decltype(scn::v4::ranges::begin(std::declval<std::__1::add_const<scn::v4::ranges::detail::subrange_::subrange<scn::v4::detail::basic_scan_buffer<char>::iterator, scn::v4::ranges::default_sentinel_t>>::type&>()))> scn::v4::impl::parse_integer_hex_base_prefix<scn::v4::ranges::detail::subrange_::subrange<scn::v4::detail::basic_scan_buffer<char>::iterator, scn::v4::ranges::default_sentinel_t>>(scn::v4::ranges::detail::subrange_::subrange<scn::v4::detail::basic_scan_buffer<char>::iterator, scn::v4::ranges::default_sentinel_t>) /src/scnlib/src/scn/impl.h:3844:12
    #19 0x55c88287d421 in std::__1::tuple<decltype(scn::v4::ranges::begin(std::declval<std::__1::add_const<scn::v4::ranges::detail::subrange_::subrange<scn::v4::detail::basic_scan_buffer<char>::iterator, scn::v4::ranges::default_sentinel_t>>::type&>())), int, bool> scn::v4::impl::parse_integer_base_prefix_for_detection<scn::v4::ranges::detail::subrange_::subrange<scn::v4::detail::basic_scan_buffer<char>::iterator, scn::v4::ranges::default_sentinel_t>>(scn::v4::ranges::detail::subrange_::subrange<scn::v4::detail::basic_scan_buffer<char>::iterator, scn::v4::ranges::default_sentinel_t>) /src/scnlib/src/scn/impl.h:3867:18
    #20 0x55c88287cce7 in std::__1::tuple<decltype(scn::v4::ranges::begin(std::declval<std::__1::add_const<scn::v4::ranges::detail::subrange_::subrange<scn::v4::detail::basic_scan_buffer<char>::iterator, scn::v4::ranges::default_sentinel_t>>::type&>())), int, bool> scn::v4::impl::parse_integer_base_prefix<scn::v4::ranges::detail::subrange_::subrange<scn::v4::detail::basic_scan_buffer<char>::iterator, scn::v4::ranges::default_sentinel_t>>(scn::v4::ranges::detail::subrange_::subrange<scn::v4::detail::basic_scan_buffer<char>::iterator, scn::v4::ranges::default_sentinel_t>, int) /src/scnlib/src/scn/impl.h:3907:20
    #21 0x55c88287c33d in scn::v4::impl::eof_expected<scn::v4::impl::parse_integer_prefix_result<decltype(scn::v4::ranges::begin(std::declval<std::__1::add_const<scn::v4::ranges::detail::subrange_::subrange<scn::v4::detail::basic_scan_buffer<char>::iterator, scn::v4::ranges::default_sentinel_t>>::type&>()))>> scn::v4::impl::parse_integer_prefix<scn::v4::ranges::detail::subrange_::subrange<scn::v4::detail::basic_scan_buffer<char>::iterator, scn::v4::ranges::default_sentinel_t>>(scn::v4::ranges::detail::subrange_::subrange<scn::v4::detail::basic_scan_buffer<char>::iterator, scn::v4::ranges::default_sentinel_t>, int) /src/scnlib/src/scn/impl.h:3923:9
    #22 0x55c882958f5a in scn::v4::scan_expected<decltype(scn::v4::ranges::begin(std::declval<std::__1::add_const<scn::v4::ranges::detail::subrange_::subrange<scn::v4::detail::basic_scan_buffer<char>::iterator, scn::v4::ranges::default_sentinel_t>>::type&>()))> scn::v4::impl::reader_impl_for_int<char>::read_specs<scn::v4::ranges::detail::subrange_::subrange<scn::v4::detail::basic_scan_buffer<char>::iterator, scn::v4::ranges::default_sentinel_t>, unsigned __int128>(scn::v4::ranges::detail::subrange_::subrange<scn::v4::detail::basic_scan_buffer<char>::iterator, scn::v4::ranges::default_sentinel_t>, scn::v4::detail::format_specs const&, unsigned __int128&, scn::v4::detail::locale_ref) /src/scnlib/src/scn/impl.h:4142:9
    #23 0x55c882957a26 in scn::v4::scan_expected<decltype(scn::v4::ranges::begin(std::declval<scn::v4::ranges::detail::subrange_::subrange<scn::v4::detail::basic_scan_buffer<char>::iterator, scn::v4::ranges::default_sentinel_t>&>()))> scn::v4::impl::arg_reader<scn::v4::basic_scan_context<scn::v4::detail::buffer_range_tag, char>>::impl<scn::v4::impl::reader_impl_for_int<char>, scn::v4::ranges::detail::subrange_::subrange<scn::v4::detail::basic_scan_buffer<char>::iterator, scn::v4::ranges::default_sentinel_t>, unsigned __int128>(scn::v4::impl::reader_impl_for_int<char>&, scn::v4::ranges::detail::subrange_::subrange<scn::v4::detail::basic_scan_buffer<char>::iterator, scn::v4::ranges::default_sentinel_t>, unsigned __int128&) /src/scnlib/src/scn/impl.h:6920:13
    #24 0x55c882954920 in scn::v4::scan_expected<scn::v4::detail::basic_scan_buffer<char>::iterator> scn::v4::impl::arg_reader<scn::v4::basic_scan_context<scn::v4::detail::buffer_range_tag, char>>::operator()<unsigned __int128>(unsigned __int128&) /src/scnlib/src/scn/impl.h:6960:24
    #25 0x55c8829543e4 in decltype(auto) scn::v4::detail::visit_impl<scn::v4::impl::arg_reader<scn::v4::basic_scan_context<scn::v4::detail::buffer_range_tag, char>>, scn::v4::basic_scan_context<scn::v4::detail::buffer_range_tag, char>>(scn::v4::impl::arg_reader<scn::v4::basic_scan_context<scn::v4::detail::buffer_range_tag, char>>&&, scn::v4::basic_scan_arg<scn::v4::basic_scan_context<scn::v4::detail::buffer_range_tag, char>>&) /src/scnlib/include/scn/scan.h:11617:13
    #26 0x55c882846091 in decltype(auto) scn::v4::basic_scan_arg<scn::v4::basic_scan_context<scn::v4::detail::buffer_range_tag, char>>::visit<scn::v4::impl::arg_reader<scn::v4::basic_scan_context<scn::v4::detail::buffer_range_tag, char>>>(scn::v4::impl::arg_reader<scn::v4::basic_scan_context<scn::v4::detail::buffer_range_tag, char>>&&) /src/scnlib/include/scn/scan.h:11712:12
    #27 0x55c882846091 in void scn::v4::(anonymous namespace)::format_handler<false, char>::on_visit_scan_arg<scn::v4::impl::arg_reader<scn::v4::basic_scan_context<scn::v4::detail::buffer_range_tag, char>>>(scn::v4::impl::arg_reader<scn::v4::basic_scan_context<scn::v4::detail::buffer_range_tag, char>>&&, scn::v4::basic_scan_arg<scn::v4::basic_scan_context<scn::v4::detail::buffer_range_tag, char>>) /src/scnlib/src/scn/impl.cpp:2854:22
    #28 0x55c882846091 in scn::v4::(anonymous namespace)::format_handler<false, char>::on_format_specs(unsigned long, char const*, char const*) /src/scnlib/src/scn/impl.cpp:2907:9
    #29 0x55c882846091 in char const* scn::v4::detail::parse_replacement_field<char, scn::v4::(anonymous namespace)::format_handler<false, char>>(char const*, char const*, scn::v4::(anonymous namespace)::format_handler<false, char>&) /src/scnlib/include/scn/scan.h:10011:29
    #30 0x55c882846091 in void scn::v4::detail::parse_format_string_impl<false, char, scn::v4::(anonymous namespace)::format_handler<false, char>&>(std::__1::basic_string_view<char, std::__1::char_traits<char>>, scn::v4::(anonymous namespace)::format_handler<false, char>&) /src/scnlib/include/scn/scan.h:10041:26
    #31 0x55c882846091 in scn::v4::scan_expected<void> scn::v4::detail::parse_format_string<false, char, scn::v4::(anonymous namespace)::format_handler<false, char>&>(std::__1::basic_string_view<char, std::__1::char_traits<char>>, scn::v4::(anonymous namespace)::format_handler<false, char>&) /src/scnlib/include/scn/scan.h:10065:5
    #32 0x55c882846091 in scn::v4::scan_expected<long> scn::v4::(anonymous namespace)::vscan_parse_format_string<char, scn::v4::(anonymous namespace)::format_handler<false, char>>(std::__1::basic_string_view<char, std::__1::char_traits<char>>, scn::v4::(anonymous namespace)::format_handler<false, char>&) /src/scnlib/src/scn/impl.cpp:2933:5
    #33 0x55c882846091 in scn::v4::scan_expected<long> scn::v4::(anonymous namespace)::vscan_internal<char>(scn::v4::detail::basic_scan_buffer<scn::v4::detail::type_identity<char>::type>::range_type, std::__1::basic_string_view<char, std::__1::char_traits<char>>, scn::v4::basic_scan_args<scn::v4::basic_scan_context<scn::v4::detail::buffer_range_tag, char>>, scn::v4::detail::locale_ref)::'lambda'()::operator()() const /src/scnlib/src/scn/impl.cpp:2988:16
    #34 0x55c882846091 in scn::v4::scan_expected<long> scn::v4::(anonymous namespace)::vscan_internal<char>(scn::v4::detail::basic_scan_buffer<scn::v4::detail::type_identity<char>::type>::range_type, std::__1::basic_string_view<char, std::__1::char_traits<char>>, scn::v4::basic_scan_args<scn::v4::basic_scan_context<scn::v4::detail::buffer_range_tag, char>>, scn::v4::detail::locale_ref) /src/scnlib/src/scn/impl.cpp:2979:31
    #35 0x55c8828256f2 in scn::v4::scan_expected<scn::v4::detail::mp_cond_impl<std::__1::is_same<__remove_cv(__remove_reference_t(scn::v4::scan_file&)), scn::v4::stdin_tag_t>, scn::v4::detail::mp_identity<scn::v4::stdin_tag_t>, std::__1::is_same<__remove_cv(__remove_reference_t(scn::v4::scan_file&)), _IO_FILE*>, scn::v4::detail::mp_identity<_IO_FILE*>, std::__1::is_same<__remove_cv(__remove_reference_t(scn::v4::scan_file&)), scn::v4::scan_file>, scn::v4::detail::mp_identity<scn::v4::scan_file*>, scn::v4::detail::mp_valid_impl<scn::v4::detail::custom_scan_result_t, scn::v4::scan_file&>::type, scn::v4::detail::mp_if_c_impl<static_cast<bool>(mp_valid<scn::v4::detail::custom_scan_result_t, scn::v4::scan_file&>::value), scn::v4::detail::mp_defer_impl<scn::v4::detail::custom_scan_result_t, scn::v4::scan_file&>, scn::v4::detail::mp_nonesuch>::type, std::__1::integral_constant<bool, ranges::forward_range<scn::v4::scan_file&>>, scn::v4::detail::mp_if_c_impl<static_cast<bool>(mp_valid<scn::v4::detail::borrowed_tail_subrange_t, scn::v4::scan_file&>::value), scn::v4::detail::mp_defer_impl<scn::v4::detail::borrowed_tail_subrange_t, scn::v4::scan_file&>, scn::v4::detail::mp_nonesuch>::type, scn::v4::detail::is_specialization_of_impl<__remove_cv(__remove_reference_t(__remove_cv(__remove_reference_t(scn::v4::scan_file&)))), scn::v4::ranges::pair_concat_view>, scn::v4::detail::mp_if_c_impl<static_cast<bool>(mp_valid<scn::v4::detail::borrowed_flattened_concat_tail_subrange_t, scn::v4::scan_file&>::value), scn::v4::detail::mp_defer_impl<scn::v4::detail::borrowed_flattened_concat_tail_subrange_t, scn::v4::scan_file&>, scn::v4::detail::mp_nonesuch>::type, std::__1::integral_constant<bool, ranges::input_range<scn::v4::scan_file&>>, scn::v4::detail::mp_if_c_impl<static_cast<bool>(mp_valid<scn::v4::detail::borrowed_input_range_tail_subrange_t, scn::v4::scan_file&>::value), scn::v4::detail::mp_defer_impl<scn::v4::detail::borrowed_input_range_tail_subrange_t, scn::v4::scan_file&>, scn::v4::detail::mp_nonesuch>::type, std::__1::integral_constant<bool, true>, scn::v4::detail::mp_if_c_impl<static_cast<bool>(mp_valid<scn::v4::detail::invalid_scan_result_type, scn::v4::scan_file&>::value), scn::v4::detail::mp_defer_impl<scn::v4::detail::invalid_scan_result_type, scn::v4::scan_file&>, scn::v4::detail::mp_nonesuch>::type>::type::type> scn::v4::detail::vscan_generic<scn::v4::scan_file&, char>(scn::v4::scan_file&, std::__1::basic_string_view<char, std::__1::char_traits<char>>, scn::v4::basic_scan_args<scn::v4::basic_scan_context<scn::v4::detail::buffer_range_tag, char>>) /src/scnlib/include/scn/scan.h:11886:19
    #36 0x55c882827248 in scn::v4::scan_expected<scn::v4::detail::mp_cond_impl<std::__1::is_same<__remove_cv(__remove_reference_t(scn::v4::scan_file&)), scn::v4::stdin_tag_t>, scn::v4::detail::mp_identity<scn::v4::stdin_tag_t>, std::__1::is_same<__remove_cv(__remove_reference_t(scn::v4::scan_file&)), _IO_FILE*>, scn::v4::detail::mp_identity<_IO_FILE*>, std::__1::is_same<__remove_cv(__remove_reference_t(scn::v4::scan_file&)), scn::v4::scan_file>, scn::v4::detail::mp_identity<scn::v4::scan_file*>, scn::v4::detail::mp_valid_impl<scn::v4::detail::custom_scan_result_t, scn::v4::scan_file&>::type, scn::v4::detail::mp_if_c_impl<static_cast<bool>(mp_valid<scn::v4::detail::custom_scan_result_t, scn::v4::scan_file&>::value), scn::v4::detail::mp_defer_impl<scn::v4::detail::custom_scan_result_t, scn::v4::scan_file&>, scn::v4::detail::mp_nonesuch>::type, std::__1::integral_constant<bool, ranges::forward_range<scn::v4::scan_file&>>, scn::v4::detail::mp_if_c_impl<static_cast<bool>(mp_valid<scn::v4::detail::borrowed_tail_subrange_t, scn::v4::scan_file&>::value), scn::v4::detail::mp_defer_impl<scn::v4::detail::borrowed_tail_subrange_t, scn::v4::scan_file&>, scn::v4::detail::mp_nonesuch>::type, scn::v4::detail::is_specialization_of_impl<__remove_cv(__remove_reference_t(__remove_cv(__remove_reference_t(scn::v4::scan_file&)))), scn::v4::ranges::pair_concat_view>, scn::v4::detail::mp_if_c_impl<static_cast<bool>(mp_valid<scn::v4::detail::borrowed_flattened_concat_tail_subrange_t, scn::v4::scan_file&>::value), scn::v4::detail::mp_defer_impl<scn::v4::detail::borrowed_flattened_concat_tail_subrange_t, scn::v4::scan_file&>, scn::v4::detail::mp_nonesuch>::type, std::__1::integral_constant<bool, ranges::input_range<scn::v4::scan_file&>>, scn::v4::detail::mp_if_c_impl<static_cast<bool>(mp_valid<scn::v4::detail::borrowed_input_range_tail_subrange_t, scn::v4::scan_file&>::value), scn::v4::detail::mp_defer_impl<scn::v4::detail::borrowed_input_range_tail_subrange_t, scn::v4::scan_file&>, scn::v4::detail::mp_nonesuch>::type, std::__1::integral_constant<bool, true>, scn::v4::detail::mp_if_c_impl<static_cast<bool>(mp_valid<scn::v4::detail::invalid_scan_result_type, scn::v4::scan_file&>::value), scn::v4::detail::mp_defer_impl<scn::v4::detail::invalid_scan_result_type, scn::v4::scan_file&>, scn::v4::detail::mp_nonesuch>::type>::type::type> scn::v4::vscan<scn::v4::scan_file&>(scn::v4::scan_file&, std::__1::basic_string_view<char, std::__1::char_traits<char>>, scn::v4::basic_scan_args<scn::v4::basic_scan_context<scn::v4::detail::buffer_range_tag, char>>) /src/scnlib/include/scn/scan.h:11953:12
    #37 0x55c882827248 in scn::v4::scan_expected<scn::v4::scan_result<scn::v4::detail::mp_cond_impl<std::__1::is_same<__remove_cv(__remove_reference_t(scn::v4::scan_file&)), scn::v4::stdin_tag_t>, scn::v4::detail::mp_identity<scn::v4::stdin_tag_t>, std::__1::is_same<__remove_cv(__remove_reference_t(scn::v4::scan_file&)), _IO_FILE*>, scn::v4::detail::mp_identity<_IO_FILE*>, std::__1::is_same<__remove_cv(__remove_reference_t(scn::v4::scan_file&)), scn::v4::scan_file>, scn::v4::detail::mp_identity<scn::v4::scan_file*>, scn::v4::detail::mp_valid_impl<scn::v4::detail::custom_scan_result_t, scn::v4::scan_file&>::type, scn::v4::detail::mp_if_c_impl<static_cast<bool>(mp_valid<scn::v4::detail::custom_scan_result_t, scn::v4::scan_file&>::value), scn::v4::detail::mp_defer_impl<scn::v4::detail::custom_scan_result_t, scn::v4::scan_file&>, scn::v4::detail::mp_nonesuch>::type, std::__1::integral_constant<bool, ranges::forward_range<scn::v4::scan_file&>>, scn::v4::detail::mp_if_c_impl<static_cast<bool>(mp_valid<scn::v4::detail::borrowed_tail_subrange_t, scn::v4::scan_file&>::value), scn::v4::detail::mp_defer_impl<scn::v4::detail::borrowed_tail_subrange_t, scn::v4::scan_file&>, scn::v4::detail::mp_nonesuch>::type, scn::v4::detail::is_specialization_of_impl<__remove_cv(__remove_reference_t(__remove_cv(__remove_reference_t(scn::v4::scan_file&)))), scn::v4::ranges::pair_concat_view>, scn::v4::detail::mp_if_c_impl<static_cast<bool>(mp_valid<scn::v4::detail::borrowed_flattened_concat_tail_subrange_t, scn::v4::scan_file&>::value), scn::v4::detail::mp_defer_impl<scn::v4::detail::borrowed_flattened_concat_tail_subrange_t, scn::v4::scan_file&>, scn::v4::detail::mp_nonesuch>::type, std::__1::integral_constant<bool, ranges::input_range<scn::v4::scan_file&>>, scn::v4::detail::mp_if_c_impl<static_cast<bool>(mp_valid<scn::v4::detail::borrowed_input_range_tail_subrange_t, scn::v4::scan_file&>::value), scn::v4::detail::mp_defer_impl<scn::v4::detail::borrowed_input_range_tail_subrange_t, scn::v4::scan_file&>, scn::v4::detail::mp_nonesuch>::type, std::__1::integral_constant<bool, true>, scn::v4::detail::mp_if_c_impl<static_cast<bool>(mp_valid<scn::v4::detail::invalid_scan_result_type, scn::v4::scan_file&>::value), scn::v4::detail::mp_defer_impl<scn::v4::detail::invalid_scan_result_type, scn::v4::scan_file&>, scn::v4::detail::mp_nonesuch>::type>::type::type, unsigned __int128>> scn::v4::scan<unsigned __int128, scn::v4::scan_file&, void>(scn::v4::scan_file&, scn::v4::basic_scan_format_string<char, scn::v4::detail::type_identity<scn::v4::scan_file&>::type, scn::v4::detail::type_identity<unsigned __int128>::type>) /src/scnlib/include/scn/scan.h:12201:30
    #38 0x55c88280a7ec in void scn::fuzz::do_basic_run_for_type<char, unsigned __int128, scn::v4::scan_file&, (void*)0>(scn::v4::scan_file&, std::__1::basic_string_view<char, std::__1::char_traits<char>>) /src/scnlib/tests/fuzz/fuzz.h:184:23
    #39 0x55c88280a7ec in void scn::fuzz::do_basic_run_for_source<char, scn::v4::scan_file&>(scn::v4::scan_file&, std::__1::basic_string_view<char, std::__1::char_traits<char>>) /src/scnlib/tests/fuzz/int_fuzz.cpp:34:5
    #40 0x55c88280917c in void scn::fuzz::do_basic_run<char>(std::__1::basic_string<char, std::__1::char_traits<char>, std::__1::allocator<char>> const&, std::__1::vector<std::__1::basic_string_view<char, std::__1::char_traits<char>>, std::__1::allocator<std::__1::basic_string_view<char, std::__1::char_traits<char>>>> const&) /src/scnlib/tests/fuzz/fuzz.h:250:13
    #41 0x55c882808646 in scn::fuzz::(anonymous namespace)::run(unsigned char const*, unsigned long) /src/scnlib/tests/fuzz/int_fuzz.cpp:50:5
    #42 0x55c882808646 in LLVMFuzzerTestOneInput /src/scnlib/tests/fuzz/int_fuzz.cpp:66:5
    #43 0x55c88276092d in fuzzer::Fuzzer::ExecuteCallback(unsigned char const*, unsigned long) /src/llvm-project/compiler-rt/lib/fuzzer/FuzzerLoop.cpp:619:13
    #44 0x55c882769ec8 in fuzzer::Fuzzer::CrashResistantMergeInternalStep(std::__Fuzzer::basic_string<char, std::__Fuzzer::char_traits<char>, std::__Fuzzer::allocator<char>> const&, bool) /src/llvm-project/compiler-rt/lib/fuzzer/FuzzerMerge.cpp:239:5
    #45 0x55c8827513c9 in fuzzer::FuzzerDriver(int*, char***, int (*)(unsigned char const*, unsigned long)) /src/llvm-project/compiler-rt/lib/fuzzer/FuzzerDriver.cpp:890:8
    #46 0x55c88277d0a2 in main /src/llvm-project/compiler-rt/lib/fuzzer/FuzzerMain.cpp:20:10
    #47 0x7f4dd1171082 in __libc_start_main (/lib/x86_64-linux-gnu/libc.so.6+0x24082) (BuildId: 0702430aef5fa3dda43986563e9ffcc47efbd75e)
    #48 0x55c88274478d in _start (build-out/scn_fuzz_int+0x3b78d)

DEDUP_TOKEN: __sanitizer_print_stack_trace--fuzzer::PrintStackTrace()--fuzzer::Fuzzer::CrashCallback()
NOTE: libFuzzer has rudimentary signal handlers.
      Combine libFuzzer with AddressSanitizer or similar for better crash reports.
SUMMARY: libFuzzer: deadly signal
MS: 0 ; base unit: 0000000000000000000000000000000000000000
0x2d,0x0,0x0,0x0,0x0,0x0,0x31,0xa,0x32,0x31,0x35,0xa,0xa,0x30,0x0,0x0,0x0,0x0,0x0,0x0,0x0,0x0,0x0,0x0,0x0,0x0,0x0,0x0,0x0,0x0,0x0,0x34,
-\000\000\000\000\0001\012215\012\0120\000\000\000\000\000\000\000\000\000\000\000\000\000\000\000\000\0004
artifact_prefix='./'; Test unit written to ./crash-ef8a092af891f045ded771c179ef8c2836acf637
Base64: LQAAAAAAMQoyMTUKCjAAAAAAAAAAAAAAAAAAAAAAADQ=
MERGE-OUTER: attempt 2
INFO: Running with entropic power schedule (0xFF, 100).
INFO: Seed: 3517368044
INFO: -max_len is not provided; libFuzzer will not generate inputs larger than 1048576 bytes
MERGE-INNER: using the control file '/tmp/libFuzzerTemp.Merge401.txt'
MERGE-INNER: '/github/workspace/cifuzz-corpus/scn_fuzz_int/ef8a092af891f045ded771c179ef8c2836acf637' caused a failure at the previous merge step
MERGE-INNER: 2079 total files; 1252 processed earlier; will process 827 files now
#1	pulse  exec/s: 0 rss: 32Mb
#2	pulse  exec/s: 0 rss: 32Mb
#4	pulse  exec/s: 0 rss: 32Mb
#8	pulse  exec/s: 0 rss: 32Mb
#16	pulse  exec/s: 0 rss: 32Mb
#32	pulse  exec/s: 0 rss: 32Mb
#64	pulse  exec/s: 0 rss: 32Mb
#128	pulse  exec/s: 128 rss: 32Mb
#256	pulse  exec/s: 128 rss: 32Mb
#512	pulse  exec/s: 85 rss: 32Mb
#827	DONE   exec/s: 51 rss: 33Mb
MERGE-OUTER: successful in 2 attempt(s)
MERGE-OUTER: the control file has 243913 bytes
MERGE-OUTER: consumed 0Mb (29Mb rss) to parse the control file
MERGE-OUTER: 0 new files with 0 new features added; 0 new coverage edges
