INFO: Running with entropic power schedule (0xFF, 100).
INFO: Seed: 995882928
MERGE-OUTER: 2089 files, 0 in the initial corpus, 0 processed earlier
MERGE-OUTER: attempt 1
INFO: Running with entropic power schedule (0xFF, 100).
INFO: Seed: 995906284
INFO: -max_len is not provided; libFuzzer will not generate inputs larger than 1048576 bytes
MERGE-INNER: using the control file '/tmp/libFuzzerTemp.Merge489.txt'
MERGE-INNER: 2089 total files; 0 processed earlier; will process 2089 files now
#1	pulse  exec/s: 0 rss: 32Mb
#2	pulse  exec/s: 0 rss: 32Mb
#4	pulse  exec/s: 0 rss: 32Mb
#8	pulse  exec/s: 0 rss: 32Mb
scn_fuzz_float: /src/scnlib/src/scn/impl.h:1181: void scn::impl::stdio_file_interface_impl<_IO_FILE, scn::impl::gnu_file_tag>::unsafe_advance_n(std::ptrdiff_t) [File = _IO_FILE, Tag = scn::impl::gnu_file_tag]: Assertion `(this->file->_IO_read_end - this->file->_IO_read_ptr >= n) && "Precondition violation"' failed.
==498== ERROR: libFuzzer: deadly signal
    #0 0x55bf81ab9174 in __sanitizer_print_stack_trace /src/llvm-project/compiler-rt/lib/ubsan/ubsan_diag_standalone.cpp:31:3
    #1 0x55bf81a2d6f8 in fuzzer::PrintStackTrace() /src/llvm-project/compiler-rt/lib/fuzzer/FuzzerUtil.cpp:210:5
    #2 0x55bf81a10245 in fuzzer::Fuzzer::CrashCallback() /src/llvm-project/compiler-rt/lib/fuzzer/FuzzerLoop.cpp:231:3
    #3 0x7f631cac341f  (/lib/x86_64-linux-gnu/libpthread.so.0+0x1441f) (BuildId: 9a65bb469e45a1c6fbcffae5b82a2fd7a69eb479)
    #4 0x7f631c8c700a in raise (/lib/x86_64-linux-gnu/libc.so.6+0x4300a) (BuildId: 0702430aef5fa3dda43986563e9ffcc47efbd75e)
    #5 0x7f631c8a6858 in abort (/lib/x86_64-linux-gnu/libc.so.6+0x22858) (BuildId: 0702430aef5fa3dda43986563e9ffcc47efbd75e)
    #6 0x7f631c8a6728  (/lib/x86_64-linux-gnu/libc.so.6+0x22728) (BuildId: 0702430aef5fa3dda43986563e9ffcc47efbd75e)
    #7 0x7f631c8b7fd5 in __assert_fail (/lib/x86_64-linux-gnu/libc.so.6+0x33fd5) (BuildId: 0702430aef5fa3dda43986563e9ffcc47efbd75e)
    #8 0x55bf81bc354c in scn::v4::impl::stdio_file_interface_impl<_IO_FILE, scn::v4::impl::gnu_file_tag>::unsafe_advance_n(long) /src/scnlib/src/scn/impl.h:1181:9
    #9 0x55bf81b02a4c in scn::v4::impl::file_buffer_interface<char, scn::v4::impl::stdio_file_interface_impl<_IO_FILE, scn::v4::impl::gnu_file_tag>>::fill(scn::v4::impl::stdio_file_interface_impl<_IO_FILE, scn::v4::impl::gnu_file_tag>&, std::__1::basic_string_view<char, std::__1::char_traits<char>>&, std::__1::basic_string<char, std::__1::char_traits<char>, std::__1::allocator<char>>&, scn::v4::scan_expected<void>&, std::__1::optional<char>&) /src/scnlib/src/scn/impl.h:1365:22
    #10 0x55bf81ade910 in scn::v4::detail::scan_cfile_buffer::do_fill() /src/scnlib/src/scn/impl.cpp:316:12
    #11 0x55bf81ade910 in scn::v4::detail::scan_file_buffer::do_fill() /src/scnlib/src/scn/impl.cpp:339:28
    #12 0x55bf81b07e18 in scn::v4::detail::basic_scan_buffer<char>::fill() /src/scnlib/include/scn/scan.h:6173:14
    #13 0x55bf81b07e18 in scn::v4::detail::basic_scan_buffer<char>::iterator::read_at_position() const /src/scnlib/include/scn/scan.h:6461:67
    #14 0x55bf81b07b6b in scn::v4::detail::basic_scan_buffer<char>::iterator::is_at_end() const /src/scnlib/include/scn/scan.h:6477:17
    #15 0x55bf81b6613b in scn::v4::detail::operator!=(scn::v4::detail::basic_scan_buffer<char>::iterator const&, scn::v4::ranges::default_sentinel_t) /src/scnlib/include/scn/scan.h:6439:19
    #16 0x55bf81b6613b in decltype(scn::v4::ranges::begin(std::declval<std::__1::add_const<scn::v4::ranges::detail::subrange_::subrange<scn::v4::detail::basic_scan_buffer<char>::iterator, scn::v4::ranges::default_sentinel_t>>::type&>())) scn::v4::impl::read_until_code_point<scn::v4::ranges::detail::subrange_::subrange<scn::v4::detail::basic_scan_buffer<char>::iterator, scn::v4::ranges::default_sentinel_t>>(scn::v4::ranges::detail::subrange_::subrange<scn::v4::detail::basic_scan_buffer<char>::iterator, scn::v4::ranges::default_sentinel_t>, scn::v4::impl::function_ref<bool (char32_t), bool (char32_t)>) /src/scnlib/src/scn/impl.h:2709:15
    #17 0x55bf81b6613b in decltype(scn::v4::ranges::begin(std::declval<std::__1::add_const<scn::v4::ranges::detail::subrange_::subrange<scn::v4::detail::basic_scan_buffer<char>::iterator, scn::v4::ranges::default_sentinel_t>>::type&>())) scn::v4::impl::read_while_code_point<scn::v4::ranges::detail::subrange_::subrange<scn::v4::detail::basic_scan_buffer<char>::iterator, scn::v4::ranges::default_sentinel_t>>(scn::v4::ranges::detail::subrange_::subrange<scn::v4::detail::basic_scan_buffer<char>::iterator, scn::v4::ranges::default_sentinel_t>, scn::v4::impl::function_ref<bool (char32_t), bool (char32_t)>) /src/scnlib/src/scn/impl.h:2730:12
    #18 0x55bf81b6613b in decltype(scn::v4::ranges::begin(std::declval<std::__1::add_const<scn::v4::ranges::detail::subrange_::subrange<scn::v4::detail::basic_scan_buffer<char>::iterator, scn::v4::ranges::default_sentinel_t>>::type&>())) scn::v4::impl::read_while_classic_space<scn::v4::ranges::detail::subrange_::subrange<scn::v4::detail::basic_scan_buffer<char>::iterator, scn::v4::ranges::default_sentinel_t>>(scn::v4::ranges::detail::subrange_::subrange<scn::v4::detail::basic_scan_buffer<char>::iterator, scn::v4::ranges::default_sentinel_t>) /src/scnlib/src/scn/impl.h:2786:16
    #19 0x55bf81ae7d31 in scn::v4::impl::eof_expected<decltype(scn::v4::ranges::begin(std::declval<std::__1::add_const<scn::v4::ranges::detail::subrange_::subrange<scn::v4::detail::basic_scan_buffer<char>::iterator, scn::v4::ranges::default_sentinel_t>>::type&>()))> scn::v4::impl::skip_classic_whitespace<scn::v4::ranges::detail::subrange_::subrange<scn::v4::detail::basic_scan_buffer<char>::iterator, scn::v4::ranges::default_sentinel_t>>(scn::v4::ranges::detail::subrange_::subrange<scn::v4::detail::basic_scan_buffer<char>::iterator, scn::v4::ranges::default_sentinel_t> const&, bool) /src/scnlib/src/scn/impl.h:3609:19
    #20 0x55bf81b0582c in scn::v4::scan_expected<std::__1::pair<decltype(scn::v4::ranges::begin(std::declval<scn::v4::ranges::detail::subrange_::subrange<scn::v4::detail::basic_scan_buffer<char>::iterator, scn::v4::ranges::default_sentinel_t>&>())), long>> scn::v4::impl::arg_reader<scn::v4::basic_scan_context<scn::v4::detail::buffer_range_tag, char>>::impl_prefix<scn::v4::ranges::detail::subrange_::subrange<scn::v4::detail::basic_scan_buffer<char>::iterator, scn::v4::ranges::default_sentinel_t>>(scn::v4::ranges::detail::subrange_::subrange<scn::v4::detail::basic_scan_buffer<char>::iterator, scn::v4::ranges::default_sentinel_t>, bool) /src/scnlib/src/scn/impl.h:6815:13
    #21 0x55bf81b4a870 in scn::v4::scan_expected<decltype(scn::v4::ranges::begin(std::declval<scn::v4::ranges::detail::subrange_::subrange<scn::v4::detail::basic_scan_buffer<char>::iterator, scn::v4::ranges::default_sentinel_t>&>()))> scn::v4::impl::arg_reader<scn::v4::basic_scan_context<scn::v4::detail::buffer_range_tag, char>>::impl<scn::v4::impl::reader_impl_for_float<char>, scn::v4::ranges::detail::subrange_::subrange<scn::v4::detail::basic_scan_buffer<char>::iterator, scn::v4::ranges::default_sentinel_t>, long double>(scn::v4::impl::reader_impl_for_float<char>&, scn::v4::ranges::detail::subrange_::subrange<scn::v4::detail::basic_scan_buffer<char>::iterator, scn::v4::ranges::default_sentinel_t>, long double&) /src/scnlib/src/scn/impl.h:6897:13
    #22 0x55bf81ae6738 in scn::v4::scan_expected<scn::v4::detail::basic_scan_buffer<char>::iterator> scn::v4::impl::arg_reader<scn::v4::basic_scan_context<scn::v4::detail::buffer_range_tag, char>>::operator()<long double>(long double&) /src/scnlib/src/scn/impl.h:6960:24
    #23 0x55bf81be859a in decltype(auto) scn::v4::detail::visit_impl<scn::v4::impl::arg_reader<scn::v4::basic_scan_context<scn::v4::detail::buffer_range_tag, char>>, scn::v4::basic_scan_context<scn::v4::detail::buffer_range_tag, char>>(scn::v4::impl::arg_reader<scn::v4::basic_scan_context<scn::v4::detail::buffer_range_tag, char>>&&, scn::v4::basic_scan_arg<scn::v4::basic_scan_context<scn::v4::detail::buffer_range_tag, char>>&) /src/scnlib/include/scn/scan.h:11636:13
    #24 0x55bf81ada1f1 in decltype(auto) scn::v4::basic_scan_arg<scn::v4::basic_scan_context<scn::v4::detail::buffer_range_tag, char>>::visit<scn::v4::impl::arg_reader<scn::v4::basic_scan_context<scn::v4::detail::buffer_range_tag, char>>>(scn::v4::impl::arg_reader<scn::v4::basic_scan_context<scn::v4::detail::buffer_range_tag, char>>&&) /src/scnlib/include/scn/scan.h:11712:12
    #25 0x55bf81ada1f1 in void scn::v4::(anonymous namespace)::format_handler<false, char>::on_visit_scan_arg<scn::v4::impl::arg_reader<scn::v4::basic_scan_context<scn::v4::detail::buffer_range_tag, char>>>(scn::v4::impl::arg_reader<scn::v4::basic_scan_context<scn::v4::detail::buffer_range_tag, char>>&&, scn::v4::basic_scan_arg<scn::v4::basic_scan_context<scn::v4::detail::buffer_range_tag, char>>) /src/scnlib/src/scn/impl.cpp:2854:22
    #26 0x55bf81ada1f1 in scn::v4::(anonymous namespace)::format_handler<false, char>::on_format_specs(unsigned long, char const*, char const*) /src/scnlib/src/scn/impl.cpp:2907:9
    #27 0x55bf81ada1f1 in char const* scn::v4::detail::parse_replacement_field<char, scn::v4::(anonymous namespace)::format_handler<false, char>>(char const*, char const*, scn::v4::(anonymous namespace)::format_handler<false, char>&) /src/scnlib/include/scn/scan.h:10011:29
    #28 0x55bf81ada1f1 in void scn::v4::detail::parse_format_string_impl<false, char, scn::v4::(anonymous namespace)::format_handler<false, char>&>(std::__1::basic_string_view<char, std::__1::char_traits<char>>, scn::v4::(anonymous namespace)::format_handler<false, char>&) /src/scnlib/include/scn/scan.h:10041:26
    #29 0x55bf81ada1f1 in scn::v4::scan_expected<void> scn::v4::detail::parse_format_string<false, char, scn::v4::(anonymous namespace)::format_handler<false, char>&>(std::__1::basic_string_view<char, std::__1::char_traits<char>>, scn::v4::(anonymous namespace)::format_handler<false, char>&) /src/scnlib/include/scn/scan.h:10065:5
    #30 0x55bf81ada1f1 in scn::v4::scan_expected<long> scn::v4::(anonymous namespace)::vscan_parse_format_string<char, scn::v4::(anonymous namespace)::format_handler<false, char>>(std::__1::basic_string_view<char, std::__1::char_traits<char>>, scn::v4::(anonymous namespace)::format_handler<false, char>&) /src/scnlib/src/scn/impl.cpp:2933:5
    #31 0x55bf81ada1f1 in scn::v4::scan_expected<long> scn::v4::(anonymous namespace)::vscan_internal<char>(scn::v4::detail::basic_scan_buffer<scn::v4::detail::type_identity<char>::type>::range_type, std::__1::basic_string_view<char, std::__1::char_traits<char>>, scn::v4::basic_scan_args<scn::v4::basic_scan_context<scn::v4::detail::buffer_range_tag, char>>, scn::v4::detail::locale_ref)::'lambda'()::operator()() const /src/scnlib/src/scn/impl.cpp:2988:16
    #32 0x55bf81ada1f1 in scn::v4::scan_expected<long> scn::v4::(anonymous namespace)::vscan_internal<char>(scn::v4::detail::basic_scan_buffer<scn::v4::detail::type_identity<char>::type>::range_type, std::__1::basic_string_view<char, std::__1::char_traits<char>>, scn::v4::basic_scan_args<scn::v4::basic_scan_context<scn::v4::detail::buffer_range_tag, char>>, scn::v4::detail::locale_ref) /src/scnlib/src/scn/impl.cpp:2979:31
    #33 0x55bf81ac8952 in scn::v4::scan_expected<scn::v4::detail::mp_cond_impl<std::__1::is_same<__remove_cv(__remove_reference_t(scn::v4::scan_file&)), scn::v4::stdin_tag_t>, scn::v4::detail::mp_identity<scn::v4::stdin_tag_t>, std::__1::is_same<__remove_cv(__remove_reference_t(scn::v4::scan_file&)), _IO_FILE*>, scn::v4::detail::mp_identity<_IO_FILE*>, std::__1::is_same<__remove_cv(__remove_reference_t(scn::v4::scan_file&)), scn::v4::scan_file>, scn::v4::detail::mp_identity<scn::v4::scan_file*>, scn::v4::detail::mp_valid_impl<scn::v4::detail::custom_scan_result_t, scn::v4::scan_file&>::type, scn::v4::detail::mp_if_c_impl<static_cast<bool>(mp_valid<scn::v4::detail::custom_scan_result_t, scn::v4::scan_file&>::value), scn::v4::detail::mp_defer_impl<scn::v4::detail::custom_scan_result_t, scn::v4::scan_file&>, scn::v4::detail::mp_nonesuch>::type, std::__1::integral_constant<bool, ranges::forward_range<scn::v4::scan_file&>>, scn::v4::detail::mp_if_c_impl<static_cast<bool>(mp_valid<scn::v4::detail::borrowed_tail_subrange_t, scn::v4::scan_file&>::value), scn::v4::detail::mp_defer_impl<scn::v4::detail::borrowed_tail_subrange_t, scn::v4::scan_file&>, scn::v4::detail::mp_nonesuch>::type, scn::v4::detail::is_specialization_of_impl<__remove_cv(__remove_reference_t(__remove_cv(__remove_reference_t(scn::v4::scan_file&)))), scn::v4::ranges::pair_concat_view>, scn::v4::detail::mp_if_c_impl<static_cast<bool>(mp_valid<scn::v4::detail::borrowed_flattened_concat_tail_subrange_t, scn::v4::scan_file&>::value), scn::v4::detail::mp_defer_impl<scn::v4::detail::borrowed_flattened_concat_tail_subrange_t, scn::v4::scan_file&>, scn::v4::detail::mp_nonesuch>::type, std::__1::integral_constant<bool, ranges::input_range<scn::v4::scan_file&>>, scn::v4::detail::mp_if_c_impl<static_cast<bool>(mp_valid<scn::v4::detail::borrowed_input_range_tail_subrange_t, scn::v4::scan_file&>::value), scn::v4::detail::mp_defer_impl<scn::v4::detail::borrowed_input_range_tail_subrange_t, scn::v4::scan_file&>, scn::v4::detail::mp_nonesuch>::type, std::__1::integral_constant<bool, true>, scn::v4::detail::mp_if_c_impl<static_cast<bool>(mp_valid<scn::v4::detail::invalid_scan_result_type, scn::v4::scan_file&>::value), scn::v4::detail::mp_defer_impl<scn::v4::detail::invalid_scan_result_type, scn::v4::scan_file&>, scn::v4::detail::mp_nonesuch>::type>::type::type> scn::v4::detail::vscan_generic<scn::v4::scan_file&, char>(scn::v4::scan_file&, std::__1::basic_string_view<char, std::__1::char_traits<char>>, scn::v4::basic_scan_args<scn::v4::basic_scan_context<scn::v4::detail::buffer_range_tag, char>>) /src/scnlib/include/scn/scan.h:11886:19
    #34 0x55bf81ac9049 in scn::v4::scan_expected<scn::v4::detail::mp_cond_impl<std::__1::is_same<__remove_cv(__remove_reference_t(scn::v4::scan_file&)), scn::v4::stdin_tag_t>, scn::v4::detail::mp_identity<scn::v4::stdin_tag_t>, std::__1::is_same<__remove_cv(__remove_reference_t(scn::v4::scan_file&)), _IO_FILE*>, scn::v4::detail::mp_identity<_IO_FILE*>, std::__1::is_same<__remove_cv(__remove_reference_t(scn::v4::scan_file&)), scn::v4::scan_file>, scn::v4::detail::mp_identity<scn::v4::scan_file*>, scn::v4::detail::mp_valid_impl<scn::v4::detail::custom_scan_result_t, scn::v4::scan_file&>::type, scn::v4::detail::mp_if_c_impl<static_cast<bool>(mp_valid<scn::v4::detail::custom_scan_result_t, scn::v4::scan_file&>::value), scn::v4::detail::mp_defer_impl<scn::v4::detail::custom_scan_result_t, scn::v4::scan_file&>, scn::v4::detail::mp_nonesuch>::type, std::__1::integral_constant<bool, ranges::forward_range<scn::v4::scan_file&>>, scn::v4::detail::mp_if_c_impl<static_cast<bool>(mp_valid<scn::v4::detail::borrowed_tail_subrange_t, scn::v4::scan_file&>::value), scn::v4::detail::mp_defer_impl<scn::v4::detail::borrowed_tail_subrange_t, scn::v4::scan_file&>, scn::v4::detail::mp_nonesuch>::type, scn::v4::detail::is_specialization_of_impl<__remove_cv(__remove_reference_t(__remove_cv(__remove_reference_t(scn::v4::scan_file&)))), scn::v4::ranges::pair_concat_view>, scn::v4::detail::mp_if_c_impl<static_cast<bool>(mp_valid<scn::v4::detail::borrowed_flattened_concat_tail_subrange_t, scn::v4::scan_file&>::value), scn::v4::detail::mp_defer_impl<scn::v4::detail::borrowed_flattened_concat_tail_subrange_t, scn::v4::scan_file&>, scn::v4::detail::mp_nonesuch>::type, std::__1::integral_constant<bool, ranges::input_range<scn::v4::scan_file&>>, scn::v4::detail::mp_if_c_impl<static_cast<bool>(mp_valid<scn::v4::detail::borrowed_input_range_tail_subrange_t, scn::v4::scan_file&>::value), scn::v4::detail::mp_defer_impl<scn::v4::detail::borrowed_input_range_tail_subrange_t, scn::v4::scan_file&>, scn::v4::detail::mp_nonesuch>::type, std::__1::integral_constant<bool, true>, scn::v4::detail::mp_if_c_impl<static_cast<bool>(mp_valid<scn::v4::detail::invalid_scan_result_type, scn::v4::scan_file&>::value), scn::v4::detail::mp_defer_impl<scn::v4::detail::invalid_scan_result_type, scn::v4::scan_file&>, scn::v4::detail::mp_nonesuch>::type>::type::type> scn::v4::vscan<scn::v4::scan_file&>(scn::v4::scan_file&, std::__1::basic_string_view<char, std::__1::char_traits<char>>, scn::v4::basic_scan_args<scn::v4::basic_scan_context<scn::v4::detail::buffer_range_tag, char>>) /src/scnlib/include/scn/scan.h:11953:12
    #35 0x55bf81ac9049 in scn::v4::scan_expected<scn::v4::scan_result<scn::v4::detail::mp_cond_impl<std::__1::is_same<__remove_cv(__remove_reference_t(scn::v4::scan_file&)), scn::v4::stdin_tag_t>, scn::v4::detail::mp_identity<scn::v4::stdin_tag_t>, std::__1::is_same<__remove_cv(__remove_reference_t(scn::v4::scan_file&)), _IO_FILE*>, scn::v4::detail::mp_identity<_IO_FILE*>, std::__1::is_same<__remove_cv(__remove_reference_t(scn::v4::scan_file&)), scn::v4::scan_file>, scn::v4::detail::mp_identity<scn::v4::scan_file*>, scn::v4::detail::mp_valid_impl<scn::v4::detail::custom_scan_result_t, scn::v4::scan_file&>::type, scn::v4::detail::mp_if_c_impl<static_cast<bool>(mp_valid<scn::v4::detail::custom_scan_result_t, scn::v4::scan_file&>::value), scn::v4::detail::mp_defer_impl<scn::v4::detail::custom_scan_result_t, scn::v4::scan_file&>, scn::v4::detail::mp_nonesuch>::type, std::__1::integral_constant<bool, ranges::forward_range<scn::v4::scan_file&>>, scn::v4::detail::mp_if_c_impl<static_cast<bool>(mp_valid<scn::v4::detail::borrowed_tail_subrange_t, scn::v4::scan_file&>::value), scn::v4::detail::mp_defer_impl<scn::v4::detail::borrowed_tail_subrange_t, scn::v4::scan_file&>, scn::v4::detail::mp_nonesuch>::type, scn::v4::detail::is_specialization_of_impl<__remove_cv(__remove_reference_t(__remove_cv(__remove_reference_t(scn::v4::scan_file&)))), scn::v4::ranges::pair_concat_view>, scn::v4::detail::mp_if_c_impl<static_cast<bool>(mp_valid<scn::v4::detail::borrowed_flattened_concat_tail_subrange_t, scn::v4::scan_file&>::value), scn::v4::detail::mp_defer_impl<scn::v4::detail::borrowed_flattened_concat_tail_subrange_t, scn::v4::scan_file&>, scn::v4::detail::mp_nonesuch>::type, std::__1::integral_constant<bool, ranges::input_range<scn::v4::scan_file&>>, scn::v4::detail::mp_if_c_impl<static_cast<bool>(mp_valid<scn::v4::detail::borrowed_input_range_tail_subrange_t, scn::v4::scan_file&>::value), scn::v4::detail::mp_defer_impl<scn::v4::detail::borrowed_input_range_tail_subrange_t, scn::v4::scan_file&>, scn::v4::detail::mp_nonesuch>::type, std::__1::integral_constant<bool, true>, scn::v4::detail::mp_if_c_impl<static_cast<bool>(mp_valid<scn::v4::detail::invalid_scan_result_type, scn::v4::scan_file&>::value), scn::v4::detail::mp_defer_impl<scn::v4::detail::invalid_scan_result_type, scn::v4::scan_file&>, scn::v4::detail::mp_nonesuch>::type>::type::type, long double>> scn::v4::scan<long double, scn::v4::scan_file&, void>(scn::v4::scan_file&, scn::v4::basic_scan_format_string<char, scn::v4::detail::type_identity<scn::v4::scan_file&>::type, scn::v4::detail::type_identity<long double>::type>) /src/scnlib/include/scn/scan.h:12201:30
    #36 0x55bf81abb2cc in void scn::fuzz::do_basic_run_for_type<char, long double, scn::v4::scan_file&, (void*)0>(scn::v4::scan_file&, std::__1::basic_string_view<char, std::__1::char_traits<char>>) /src/scnlib/tests/fuzz/fuzz.h:184:23
    #37 0x55bf81abb2cc in void scn::fuzz::do_basic_run_for_source<char, scn::v4::scan_file&>(scn::v4::scan_file&, std::__1::basic_string_view<char, std::__1::char_traits<char>>) /src/scnlib/tests/fuzz/float_fuzz.cpp:27:5
    #38 0x55bf81aba0fd in void scn::fuzz::do_basic_run<char>(std::__1::basic_string<char, std::__1::char_traits<char>, std::__1::allocator<char>> const&, std::__1::vector<std::__1::basic_string_view<char, std::__1::char_traits<char>>, std::__1::allocator<std::__1::basic_string_view<char, std::__1::char_traits<char>>>> const&) /src/scnlib/tests/fuzz/fuzz.h:250:13
    #39 0x55bf81ab9670 in scn::fuzz::(anonymous namespace)::run(unsigned char const*, unsigned long) /src/scnlib/tests/fuzz/float_fuzz.cpp:57:5
    #40 0x55bf81ab9670 in LLVMFuzzerTestOneInput /src/scnlib/tests/fuzz/float_fuzz.cpp:72:5
    #41 0x55bf81a1192d in fuzzer::Fuzzer::ExecuteCallback(unsigned char const*, unsigned long) /src/llvm-project/compiler-rt/lib/fuzzer/FuzzerLoop.cpp:619:13
    #42 0x55bf81a1aec8 in fuzzer::Fuzzer::CrashResistantMergeInternalStep(std::__Fuzzer::basic_string<char, std::__Fuzzer::char_traits<char>, std::__Fuzzer::allocator<char>> const&, bool) /src/llvm-project/compiler-rt/lib/fuzzer/FuzzerMerge.cpp:239:5
    #43 0x55bf81a023c9 in fuzzer::FuzzerDriver(int*, char***, int (*)(unsigned char const*, unsigned long)) /src/llvm-project/compiler-rt/lib/fuzzer/FuzzerDriver.cpp:890:8
    #44 0x55bf81a2e0a2 in main /src/llvm-project/compiler-rt/lib/fuzzer/FuzzerMain.cpp:20:10
    #45 0x7f631c8a8082 in __libc_start_main (/lib/x86_64-linux-gnu/libc.so.6+0x24082) (BuildId: 0702430aef5fa3dda43986563e9ffcc47efbd75e)
    #46 0x55bf819f578d in _start (build-out/scn_fuzz_float+0x3b78d)

DEDUP_TOKEN: __sanitizer_print_stack_trace--fuzzer::PrintStackTrace()--fuzzer::Fuzzer::CrashCallback()
NOTE: libFuzzer has rudimentary signal handlers.
      Combine libFuzzer with AddressSanitizer or similar for better crash reports.
SUMMARY: libFuzzer: deadly signal
MS: 0 ; base unit: 0000000000000000000000000000000000000000
0x20,0x8a,
 \212
artifact_prefix='./'; Test unit written to ./crash-4100ad47360ae16632e697543b5fe40e910100b1
Base64: IIo=
MERGE-OUTER: attempt 2
INFO: Running with entropic power schedule (0xFF, 100).
INFO: Seed: 996170507
INFO: -max_len is not provided; libFuzzer will not generate inputs larger than 1048576 bytes
MERGE-INNER: using the control file '/tmp/libFuzzerTemp.Merge489.txt'
MERGE-INNER: '/github/workspace/cifuzz-corpus/scn_fuzz_float/4100ad47360ae16632e697543b5fe40e910100b1' caused a failure at the previous merge step
MERGE-INNER: 2089 total files; 14 processed earlier; will process 2075 files now
#1	pulse  exec/s: 0 rss: 30Mb
#2	pulse  exec/s: 0 rss: 30Mb
#4	pulse  exec/s: 0 rss: 30Mb
#8	pulse  exec/s: 0 rss: 30Mb
#16	pulse  exec/s: 0 rss: 30Mb
#32	pulse  exec/s: 0 rss: 30Mb
#64	pulse  exec/s: 0 rss: 30Mb
#128	pulse  exec/s: 0 rss: 30Mb
#256	pulse  exec/s: 0 rss: 30Mb
#512	pulse  exec/s: 0 rss: 30Mb
#1024	pulse  exec/s: 1024 rss: 30Mb
ALARM: working on the last Unit for 149 seconds
       and the timeout value is 100 (use -timeout=N to change)
MS: 0 ; base unit: 0000000000000000000000000000000000000000
0x30,0xb,0xa,0x30,0x2d,0x34,0x2d,0x34,0x2d,0x31,0x65,0x30,0x2b,0x37,0xc2,0x85,0x37,0x35,0x2d,0x32,0x34,0x2d,0x34,0x2d,0x32,0x2d,0x33,0x2e,0x2d,0x32,0x36,0x2d,0x31,0x32,0x35,0x65,0x30,0x2b,0x37,0xc2,0x85,0x37,0x35,0x2d,0x32,0x36,0x65,0x33,0x32,0x39,0x37,0x2d,0x34,0x2d,0x34,0x2d,0x38,0xc2,0x85,0x2d,0x30,0x2b,0x34,0x2d,0x32,0x85,
0\013\0120-4-4-1e0+7\302\20575-24-4-2-3.-26-125e0+7\302\20575-26e3297-4-4-8\302\205-0+4-2\205
artifact_prefix='./'; Test unit written to ./timeout-13c36f9135f81ce94318161163c46f05d5e15bcc
Base64: MAsKMC00LTQtMWUwKzfChTc1LTI0LTQtMi0zLi0yNi0xMjVlMCs3woU3NS0yNmUzMjk3LTQtNC04woUtMCs0LTKF
==508== ERROR: libFuzzer: timeout after 149 seconds
    #0 0x55eba4621174 in __sanitizer_print_stack_trace /src/llvm-project/compiler-rt/lib/ubsan/ubsan_diag_standalone.cpp:31:3
    #1 0x55eba45956f8 in fuzzer::PrintStackTrace() /src/llvm-project/compiler-rt/lib/fuzzer/FuzzerUtil.cpp:210:5
    #2 0x55eba45781cd in fuzzer::Fuzzer::AlarmCallback() /src/llvm-project/compiler-rt/lib/fuzzer/FuzzerLoop.cpp:304:5
    #3 0x7f0aee45c41f  (/lib/x86_64-linux-gnu/libpthread.so.0+0x1441f) (BuildId: 9a65bb469e45a1c6fbcffae5b82a2fd7a69eb479)
    #4 0x7f0aee330663  (/lib/x86_64-linux-gnu/libc.so.6+0x113663) (BuildId: 0702430aef5fa3dda43986563e9ffcc47efbd75e)
    #5 0x7f0aee32b6d7 in __fcntl (/lib/x86_64-linux-gnu/libc.so.6+0x10e6d7) (BuildId: 0702430aef5fa3dda43986563e9ffcc47efbd75e)
    #6 0x7f0aee45b2be in __fcntl@GLIBC_2.2.5 (/lib/x86_64-linux-gnu/libpthread.so.0+0x132be) (BuildId: 9a65bb469e45a1c6fbcffae5b82a2fd7a69eb479)
    #7 0x55eba466a91c in scn::v4::impl::posix_stdio_file_interface<_IO_FILE>::is_never_readable() const /src/scnlib/src/scn/impl.h:1124:23
    #8 0x55eba466a91c in scn::v4::impl::file_buffer_interface<char, scn::v4::impl::stdio_file_interface_impl<_IO_FILE, scn::v4::impl::gnu_file_tag>>::construct(scn::v4::impl::stdio_file_interface_impl<_IO_FILE, scn::v4::impl::gnu_file_tag>&, scn::v4::scan_expected<void>&) /src/scnlib/src/scn/impl.h:1342:18
    #9 0x55eba46467ed in scn::v4::detail::scan_cfile_buffer::scan_cfile_buffer(_IO_FILE*) /src/scnlib/src/scn/impl.cpp:304:5
    #10 0x55eba46467ed in scn::v4::detail::scan_file_buffer::scan_file_buffer(scn::v4::scan_file&) /src/scnlib/src/scn/impl.cpp:329:7
    #11 0x55eba4630a8a in scn::v4::detail::_make_scan_buffer::impl(scn::v4::scan_file&, scn::v4::detail::priority_tag<3ul>) /src/scnlib/include/scn/scan.h:6972:12
    #12 0x55eba4630a8a in decltype(auto) scn::v4::detail::make_scan_buffer<scn::v4::scan_file&>(scn::v4::scan_file&) /src/scnlib/include/scn/scan.h:7096:12
    #13 0x55eba463086d in scn::v4::scan_expected<scn::v4::detail::mp_cond_impl<std::__1::is_same<__remove_cv(__remove_reference_t(scn::v4::scan_file&)), scn::v4::stdin_tag_t>, scn::v4::detail::mp_identity<scn::v4::stdin_tag_t>, std::__1::is_same<__remove_cv(__remove_reference_t(scn::v4::scan_file&)), _IO_FILE*>, scn::v4::detail::mp_identity<_IO_FILE*>, std::__1::is_same<__remove_cv(__remove_reference_t(scn::v4::scan_file&)), scn::v4::scan_file>, scn::v4::detail::mp_identity<scn::v4::scan_file*>, scn::v4::detail::mp_valid_impl<scn::v4::detail::custom_scan_result_t, scn::v4::scan_file&>::type, scn::v4::detail::mp_if_c_impl<static_cast<bool>(mp_valid<scn::v4::detail::custom_scan_result_t, scn::v4::scan_file&>::value), scn::v4::detail::mp_defer_impl<scn::v4::detail::custom_scan_result_t, scn::v4::scan_file&>, scn::v4::detail::mp_nonesuch>::type, std::__1::integral_constant<bool, ranges::forward_range<scn::v4::scan_file&>>, scn::v4::detail::mp_if_c_impl<static_cast<bool>(mp_valid<scn::v4::detail::borrowed_tail_subrange_t, scn::v4::scan_file&>::value), scn::v4::detail::mp_defer_impl<scn::v4::detail::borrowed_tail_subrange_t, scn::v4::scan_file&>, scn::v4::detail::mp_nonesuch>::type, scn::v4::detail::is_specialization_of_impl<__remove_cv(__remove_reference_t(__remove_cv(__remove_reference_t(scn::v4::scan_file&)))), scn::v4::ranges::pair_concat_view>, scn::v4::detail::mp_if_c_impl<static_cast<bool>(mp_valid<scn::v4::detail::borrowed_flattened_concat_tail_subrange_t, scn::v4::scan_file&>::value), scn::v4::detail::mp_defer_impl<scn::v4::detail::borrowed_flattened_concat_tail_subrange_t, scn::v4::scan_file&>, scn::v4::detail::mp_nonesuch>::type, std::__1::integral_constant<bool, ranges::input_range<scn::v4::scan_file&>>, scn::v4::detail::mp_if_c_impl<static_cast<bool>(mp_valid<scn::v4::detail::borrowed_input_range_tail_subrange_t, scn::v4::scan_file&>::value), scn::v4::detail::mp_defer_impl<scn::v4::detail::borrowed_input_range_tail_subrange_t, scn::v4::scan_file&>, scn::v4::detail::mp_nonesuch>::type, std::__1::integral_constant<bool, true>, scn::v4::detail::mp_if_c_impl<static_cast<bool>(mp_valid<scn::v4::detail::invalid_scan_result_type, scn::v4::scan_file&>::value), scn::v4::detail::mp_defer_impl<scn::v4::detail::invalid_scan_result_type, scn::v4::scan_file&>, scn::v4::detail::mp_nonesuch>::type>::type::type> scn::v4::detail::vscan_generic<scn::v4::scan_file&, char>(scn::v4::scan_file&, std::__1::basic_string_view<char, std::__1::char_traits<char>>, scn::v4::basic_scan_args<scn::v4::basic_scan_context<scn::v4::detail::buffer_range_tag, char>>) /src/scnlib/include/scn/scan.h:11885:21
    #14 0x55eba46304e7 in scn::v4::scan_expected<scn::v4::detail::mp_cond_impl<std::__1::is_same<__remove_cv(__remove_reference_t(scn::v4::scan_file&)), scn::v4::stdin_tag_t>, scn::v4::detail::mp_identity<scn::v4::stdin_tag_t>, std::__1::is_same<__remove_cv(__remove_reference_t(scn::v4::scan_file&)), _IO_FILE*>, scn::v4::detail::mp_identity<_IO_FILE*>, std::__1::is_same<__remove_cv(__remove_reference_t(scn::v4::scan_file&)), scn::v4::scan_file>, scn::v4::detail::mp_identity<scn::v4::scan_file*>, scn::v4::detail::mp_valid_impl<scn::v4::detail::custom_scan_result_t, scn::v4::scan_file&>::type, scn::v4::detail::mp_if_c_impl<static_cast<bool>(mp_valid<scn::v4::detail::custom_scan_result_t, scn::v4::scan_file&>::value), scn::v4::detail::mp_defer_impl<scn::v4::detail::custom_scan_result_t, scn::v4::scan_file&>, scn::v4::detail::mp_nonesuch>::type, std::__1::integral_constant<bool, ranges::forward_range<scn::v4::scan_file&>>, scn::v4::detail::mp_if_c_impl<static_cast<bool>(mp_valid<scn::v4::detail::borrowed_tail_subrange_t, scn::v4::scan_file&>::value), scn::v4::detail::mp_defer_impl<scn::v4::detail::borrowed_tail_subrange_t, scn::v4::scan_file&>, scn::v4::detail::mp_nonesuch>::type, scn::v4::detail::is_specialization_of_impl<__remove_cv(__remove_reference_t(__remove_cv(__remove_reference_t(scn::v4::scan_file&)))), scn::v4::ranges::pair_concat_view>, scn::v4::detail::mp_if_c_impl<static_cast<bool>(mp_valid<scn::v4::detail::borrowed_flattened_concat_tail_subrange_t, scn::v4::scan_file&>::value), scn::v4::detail::mp_defer_impl<scn::v4::detail::borrowed_flattened_concat_tail_subrange_t, scn::v4::scan_file&>, scn::v4::detail::mp_nonesuch>::type, std::__1::integral_constant<bool, ranges::input_range<scn::v4::scan_file&>>, scn::v4::detail::mp_if_c_impl<static_cast<bool>(mp_valid<scn::v4::detail::borrowed_input_range_tail_subrange_t, scn::v4::scan_file&>::value), scn::v4::detail::mp_defer_impl<scn::v4::detail::borrowed_input_range_tail_subrange_t, scn::v4::scan_file&>, scn::v4::detail::mp_nonesuch>::type, std::__1::integral_constant<bool, true>, scn::v4::detail::mp_if_c_impl<static_cast<bool>(mp_valid<scn::v4::detail::invalid_scan_result_type, scn::v4::scan_file&>::value), scn::v4::detail::mp_defer_impl<scn::v4::detail::invalid_scan_result_type, scn::v4::scan_file&>, scn::v4::detail::mp_nonesuch>::type>::type::type> scn::v4::vscan<scn::v4::scan_file&>(scn::v4::scan_file&, std::__1::basic_string_view<char, std::__1::char_traits<char>>, scn::v4::basic_scan_args<scn::v4::basic_scan_context<scn::v4::detail::buffer_range_tag, char>>) /src/scnlib/include/scn/scan.h:11953:12
    #15 0x55eba46304e7 in scn::v4::scan_expected<scn::v4::scan_result<scn::v4::detail::mp_cond_impl<std::__1::is_same<__remove_cv(__remove_reference_t(scn::v4::scan_file&)), scn::v4::stdin_tag_t>, scn::v4::detail::mp_identity<scn::v4::stdin_tag_t>, std::__1::is_same<__remove_cv(__remove_reference_t(scn::v4::scan_file&)), _IO_FILE*>, scn::v4::detail::mp_identity<_IO_FILE*>, std::__1::is_same<__remove_cv(__remove_reference_t(scn::v4::scan_file&)), scn::v4::scan_file>, scn::v4::detail::mp_identity<scn::v4::scan_file*>, scn::v4::detail::mp_valid_impl<scn::v4::detail::custom_scan_result_t, scn::v4::scan_file&>::type, scn::v4::detail::mp_if_c_impl<static_cast<bool>(mp_valid<scn::v4::detail::custom_scan_result_t, scn::v4::scan_file&>::value), scn::v4::detail::mp_defer_impl<scn::v4::detail::custom_scan_result_t, scn::v4::scan_file&>, scn::v4::detail::mp_nonesuch>::type, std::__1::integral_constant<bool, ranges::forward_range<scn::v4::scan_file&>>, scn::v4::detail::mp_if_c_impl<static_cast<bool>(mp_valid<scn::v4::detail::borrowed_tail_subrange_t, scn::v4::scan_file&>::value), scn::v4::detail::mp_defer_impl<scn::v4::detail::borrowed_tail_subrange_t, scn::v4::scan_file&>, scn::v4::detail::mp_nonesuch>::type, scn::v4::detail::is_specialization_of_impl<__remove_cv(__remove_reference_t(__remove_cv(__remove_reference_t(scn::v4::scan_file&)))), scn::v4::ranges::pair_concat_view>, scn::v4::detail::mp_if_c_impl<static_cast<bool>(mp_valid<scn::v4::detail::borrowed_flattened_concat_tail_subrange_t, scn::v4::scan_file&>::value), scn::v4::detail::mp_defer_impl<scn::v4::detail::borrowed_flattened_concat_tail_subrange_t, scn::v4::scan_file&>, scn::v4::detail::mp_nonesuch>::type, std::__1::integral_constant<bool, ranges::input_range<scn::v4::scan_file&>>, scn::v4::detail::mp_if_c_impl<static_cast<bool>(mp_valid<scn::v4::detail::borrowed_input_range_tail_subrange_t, scn::v4::scan_file&>::value), scn::v4::detail::mp_defer_impl<scn::v4::detail::borrowed_input_range_tail_subrange_t, scn::v4::scan_file&>, scn::v4::detail::mp_nonesuch>::type, std::__1::integral_constant<bool, true>, scn::v4::detail::mp_if_c_impl<static_cast<bool>(mp_valid<scn::v4::detail::invalid_scan_result_type, scn::v4::scan_file&>::value), scn::v4::detail::mp_defer_impl<scn::v4::detail::invalid_scan_result_type, scn::v4::scan_file&>, scn::v4::detail::mp_nonesuch>::type>::type::type, float>> scn::v4::scan<float, scn::v4::scan_file&, void>(scn::v4::scan_file&, scn::v4::basic_scan_format_string<char, scn::v4::detail::type_identity<scn::v4::scan_file&>::type, scn::v4::detail::type_identity<float>::type>) /src/scnlib/include/scn/scan.h:12201:30
    #16 0x55eba462320c in void scn::fuzz::do_basic_run_for_type<char, float, scn::v4::scan_file&, (void*)0>(scn::v4::scan_file&, std::__1::basic_string_view<char, std::__1::char_traits<char>>) /src/scnlib/tests/fuzz/fuzz.h:184:23
    #17 0x55eba462320c in void scn::fuzz::do_basic_run_for_source<char, scn::v4::scan_file&>(scn::v4::scan_file&, std::__1::basic_string_view<char, std::__1::char_traits<char>>) /src/scnlib/tests/fuzz/float_fuzz.cpp:25:5
    #18 0x55eba46220fd in void scn::fuzz::do_basic_run<char>(std::__1::basic_string<char, std::__1::char_traits<char>, std::__1::allocator<char>> const&, std::__1::vector<std::__1::basic_string_view<char, std::__1::char_traits<char>>, std::__1::allocator<std::__1::basic_string_view<char, std::__1::char_traits<char>>>> const&) /src/scnlib/tests/fuzz/fuzz.h:250:13
    #19 0x55eba4621670 in scn::fuzz::(anonymous namespace)::run(unsigned char const*, unsigned long) /src/scnlib/tests/fuzz/float_fuzz.cpp:57:5
    #20 0x55eba4621670 in LLVMFuzzerTestOneInput /src/scnlib/tests/fuzz/float_fuzz.cpp:72:5
    #21 0x55eba457992d in fuzzer::Fuzzer::ExecuteCallback(unsigned char const*, unsigned long) /src/llvm-project/compiler-rt/lib/fuzzer/FuzzerLoop.cpp:619:13
    #22 0x55eba4582ec8 in fuzzer::Fuzzer::CrashResistantMergeInternalStep(std::__Fuzzer::basic_string<char, std::__Fuzzer::char_traits<char>, std::__Fuzzer::allocator<char>> const&, bool) /src/llvm-project/compiler-rt/lib/fuzzer/FuzzerMerge.cpp:239:5
    #23 0x55eba456a3c9 in fuzzer::FuzzerDriver(int*, char***, int (*)(unsigned char const*, unsigned long)) /src/llvm-project/compiler-rt/lib/fuzzer/FuzzerDriver.cpp:890:8
    #24 0x55eba45960a2 in main /src/llvm-project/compiler-rt/lib/fuzzer/FuzzerMain.cpp:20:10
    #25 0x7f0aee241082 in __libc_start_main (/lib/x86_64-linux-gnu/libc.so.6+0x24082) (BuildId: 0702430aef5fa3dda43986563e9ffcc47efbd75e)
    #26 0x55eba455d78d in _start (build-out/scn_fuzz_float+0x3b78d)

DEDUP_TOKEN: __sanitizer_print_stack_trace--fuzzer::PrintStackTrace()--fuzzer::Fuzzer::AlarmCallback()
SUMMARY: libFuzzer: timeout
MERGE-OUTER: attempt 3
INFO: Running with entropic power schedule (0xFF, 100).
INFO: Seed: 1149337108
INFO: -max_len is not provided; libFuzzer will not generate inputs larger than 1048576 bytes
MERGE-INNER: using the control file '/tmp/libFuzzerTemp.Merge489.txt'
MERGE-INNER: '/github/workspace/cifuzz-corpus/scn_fuzz_float/13c36f9135f81ce94318161163c46f05d5e15bcc' caused a failure at the previous merge step
MERGE-INNER: 2089 total files; 1609 processed earlier; will process 480 files now
#1	pulse  exec/s: 0 rss: 32Mb
#2	pulse  exec/s: 0 rss: 32Mb
#4	pulse  exec/s: 0 rss: 32Mb
#8	pulse  exec/s: 0 rss: 32Mb
#16	pulse  exec/s: 0 rss: 32Mb
#32	pulse  exec/s: 0 rss: 32Mb
#64	pulse  exec/s: 0 rss: 32Mb
#128	pulse  exec/s: 0 rss: 32Mb
#256	pulse  exec/s: 256 rss: 32Mb
#480	DONE   exec/s: 96 rss: 32Mb
MERGE-OUTER: successful in 3 attempt(s)
MERGE-OUTER: the control file has 249308 bytes
MERGE-OUTER: consumed 0Mb (29Mb rss) to parse the control file
MERGE-OUTER: 0 new files with 0 new features added; 0 new coverage edges
