INFO: Running with entropic power schedule (0xFF, 100).
INFO: Seed: 3057207115
MERGE-OUTER: 1205 files, 0 in the initial corpus, 0 processed earlier
MERGE-OUTER: attempt 1
INFO: Running with entropic power schedule (0xFF, 100).
INFO: Seed: 3057221431
INFO: -max_len is not provided; libFuzzer will not generate inputs larger than 1048576 bytes
MERGE-INNER: using the control file '/tmp/libFuzzerTemp.Merge365.txt'
MERGE-INNER: 1205 total files; 0 processed earlier; will process 1205 files now
#1	pulse  exec/s: 0 rss: 32Mb
#2	pulse  exec/s: 0 rss: 32Mb
#4	pulse  exec/s: 0 rss: 32Mb
#8	pulse  exec/s: 0 rss: 32Mb
#16	pulse  exec/s: 0 rss: 32Mb
#32	pulse  exec/s: 0 rss: 32Mb
#64	pulse  exec/s: 0 rss: 32Mb
#128	pulse  exec/s: 0 rss: 32Mb
#256	pulse  exec/s: 0 rss: 32Mb
#512	pulse  exec/s: 0 rss: 32Mb
#1024	pulse  exec/s: 0 rss: 32Mb
#1205	DONE   exec/s: 1205 rss: 32Mb
MERGE-OUTER: successful in 1 attempt(s)
MERGE-OUTER: the control file has 143918 bytes
MERGE-OUTER: consumed 0Mb (29Mb rss) to parse the control file
MERGE-OUTER: 0 new files with 0 new features added; 0 new coverage edges
