INFO: Running with entropic power schedule (0xFF, 100).
INFO: Seed: 354834929
MERGE-OUTER: 2548 files, 0 in the initial corpus, 0 processed earlier
MERGE-OUTER: attempt 1
INFO: Running with entropic power schedule (0xFF, 100).
INFO: Seed: 354862933
INFO: -max_len is not provided; libFuzzer will not generate inputs larger than 1048576 bytes
MERGE-INNER: using the control file '/tmp/libFuzzerTemp.Merge467.txt'
MERGE-INNER: 2548 total files; 0 processed earlier; will process 2548 files now
#1	pulse  exec/s: 0 rss: 29Mb
#2	pulse  exec/s: 0 rss: 29Mb
#4	pulse  exec/s: 0 rss: 29Mb
#8	pulse  exec/s: 0 rss: 29Mb
#16	pulse  exec/s: 0 rss: 29Mb
#32	pulse  exec/s: 0 rss: 30Mb
#64	pulse  exec/s: 0 rss: 30Mb
#128	pulse  exec/s: 0 rss: 30Mb
#256	pulse  exec/s: 0 rss: 30Mb
#512	pulse  exec/s: 0 rss: 30Mb
#1024	pulse  exec/s: 0 rss: 30Mb
#2048	pulse  exec/s: 0 rss: 30Mb
#2548	DONE   exec/s: 0 rss: 30Mb
MERGE-OUTER: successful in 1 attempt(s)
MERGE-OUTER: the control file has 306958 bytes
MERGE-OUTER: consumed 0Mb (31Mb rss) to parse the control file
MERGE-OUTER: 0 new files with 0 new features added; 0 new coverage edges
